CRITICAL - 2022-11-04 20:36:12 --> Undefined array key "id_product"
in APPPATH\Views\content\viewProductStock.php on line 50.
 1 APPPATH\Views\content\viewProductStock.php(50): CodeIgniter\Debug\Exceptions->errorHandler(2, 'Undefined array key "id_product"', 'APPPATH\\Views\\content\\viewProductStock.php', 50)
 2 SYSTEMPATH\View\View.php(213): include('APPPATH\\Views\\content\\viewProductStock.php')
 3 SYSTEMPATH\View\View.php(216): CodeIgniter\View\View->CodeIgniter\View\{closure}()
 4 SYSTEMPATH\Common.php(1142): CodeIgniter\View\View->render('content/viewProductStock', [], true)
 5 APPPATH\Controllers\ControllerShop.php(114): view('content/viewProductStock', [...])
 6 SYSTEMPATH\CodeIgniter.php(907): App\Controllers\ControllerShop->stockProduct()
 7 SYSTEMPATH\CodeIgniter.php(457): CodeIgniter\CodeIgniter->runController(Object(App\Controllers\ControllerShop))
 8 SYSTEMPATH\CodeIgniter.php(340): CodeIgniter\CodeIgniter->handleRequest(null, Object(Config\Cache), false)
 9 FCPATH\index.php(67): CodeIgniter\CodeIgniter->run()
10 SYSTEMPATH\Commands\Server\rewrite.php(43): require_once('FCPATH\\index.php')
CRITICAL - 2022-11-04 22:36:13 --> Cannot use object of type App\Models\modelProduct as array
in APPPATH\Views\content\viewAddProduct.php on line 20.
 1 SYSTEMPATH\View\View.php(213): include()
 2 SYSTEMPATH\View\View.php(216): CodeIgniter\View\View->CodeIgniter\View\{closure}()
 3 SYSTEMPATH\Common.php(1142): CodeIgniter\View\View->render('content/viewAddProduct', [], true)
 4 APPPATH\Controllers\ControllerShop.php(144): view('content/viewAddProduct', [...])
 5 SYSTEMPATH\CodeIgniter.php(907): App\Controllers\ControllerShop->updateProduct('11')
 6 SYSTEMPATH\CodeIgniter.php(457): CodeIgniter\CodeIgniter->runController(Object(App\Controllers\ControllerShop))
 7 SYSTEMPATH\CodeIgniter.php(340): CodeIgniter\CodeIgniter->handleRequest(null, Object(Config\Cache), false)
 8 FCPATH\index.php(67): CodeIgniter\CodeIgniter->run()
 9 SYSTEMPATH\Commands\Server\rewrite.php(43): require_once('FCPATH\\index.php')
CRITICAL - 2022-11-04 22:36:17 --> Cannot use object of type App\Models\modelProduct as array
in APPPATH\Views\content\viewAddProduct.php on line 20.
 1 SYSTEMPATH\View\View.php(213): include()
 2 SYSTEMPATH\View\View.php(216): CodeIgniter\View\View->CodeIgniter\View\{closure}()
 3 SYSTEMPATH\Common.php(1142): CodeIgniter\View\View->render('content/viewAddProduct', [], true)
 4 APPPATH\Controllers\ControllerShop.php(144): view('content/viewAddProduct', [...])
 5 SYSTEMPATH\CodeIgniter.php(907): App\Controllers\ControllerShop->updateProduct('11')
 6 SYSTEMPATH\CodeIgniter.php(457): CodeIgniter\CodeIgniter->runController(Object(App\Controllers\ControllerShop))
 7 SYSTEMPATH\CodeIgniter.php(340): CodeIgniter\CodeIgniter->handleRequest(null, Object(Config\Cache), false)
 8 FCPATH\index.php(67): CodeIgniter\CodeIgniter->run()
 9 SYSTEMPATH\Commands\Server\rewrite.php(43): require_once('FCPATH\\index.php')
