CRITICAL - 2022-10-30 18:19:18 --> Undefined variable $account
in APPPATH\Views\content\viewShopSingle.php on line 66.
 1 APPPATH\Views\content\viewShopSingle.php(66): CodeIgniter\Debug\Exceptions->errorHandler(2, 'Undefined variable $account', 'APPPATH\\Views\\content\\viewShopSingle.php', 66)
 2 SYSTEMPATH\View\View.php(213): include('APPPATH\\Views\\content\\viewShopSingle.php')
 3 SYSTEMPATH\View\View.php(216): CodeIgniter\View\View->CodeIgniter\View\{closure}()
 4 SYSTEMPATH\Common.php(1142): CodeIgniter\View\View->render('content/viewShopSingle', [], true)
 5 APPPATH\Controllers\ControllerShop.php(80): view('content/viewShopSingle', [...])
 6 SYSTEMPATH\CodeIgniter.php(907): App\Controllers\ControllerShop->shopSingle('6')
 7 SYSTEMPATH\CodeIgniter.php(457): CodeIgniter\CodeIgniter->runController(Object(App\Controllers\ControllerShop))
 8 SYSTEMPATH\CodeIgniter.php(340): CodeIgniter\CodeIgniter->handleRequest(null, Object(Config\Cache), false)
 9 FCPATH\index.php(67): CodeIgniter\CodeIgniter->run()
10 SYSTEMPATH\Commands\Server\rewrite.php(43): require_once('FCPATH\\index.php')
CRITICAL - 2022-10-30 18:48:23 --> count(): Argument #1 ($value) must be of type Countable|array, null given
in APPPATH\Views\layout\template.php on line 140.
 1 SYSTEMPATH\View\View.php(213): include()
 2 SYSTEMPATH\View\View.php(216): CodeIgniter\View\View->CodeIgniter\View\{closure}()
 3 SYSTEMPATH\View\View.php(229): CodeIgniter\View\View->render('layout/template', [], true)
 4 SYSTEMPATH\Common.php(1142): CodeIgniter\View\View->render('content/viewDashboard', [], true)
 5 APPPATH\Controllers\ControllerShop.php(35): view('content/viewDashboard', [...])
 6 SYSTEMPATH\CodeIgniter.php(907): App\Controllers\ControllerShop->dashboard()
 7 SYSTEMPATH\CodeIgniter.php(457): CodeIgniter\CodeIgniter->runController(Object(App\Controllers\ControllerShop))
 8 SYSTEMPATH\CodeIgniter.php(340): CodeIgniter\CodeIgniter->handleRequest(null, Object(Config\Cache), false)
 9 FCPATH\index.php(67): CodeIgniter\CodeIgniter->run()
10 SYSTEMPATH\Commands\Server\rewrite.php(43): require_once('FCPATH\\index.php')
CRITICAL - 2022-10-30 18:51:49 --> Undefined variable $product
in APPPATH\Views\content\viewProductStock.php on line 24.
 1 APPPATH\Views\content\viewProductStock.php(24): CodeIgniter\Debug\Exceptions->errorHandler(2, 'Undefined variable $product', 'APPPATH\\Views\\content\\viewProductStock.php', 24)
 2 SYSTEMPATH\View\View.php(213): include('APPPATH\\Views\\content\\viewProductStock.php')
 3 SYSTEMPATH\View\View.php(216): CodeIgniter\View\View->CodeIgniter\View\{closure}()
 4 SYSTEMPATH\Common.php(1142): CodeIgniter\View\View->render('content/viewProductStock', [], true)
 5 APPPATH\Controllers\ControllerShop.php(114): view('content/viewProductStock', [...])
 6 SYSTEMPATH\CodeIgniter.php(907): App\Controllers\ControllerShop->stock()
 7 SYSTEMPATH\CodeIgniter.php(457): CodeIgniter\CodeIgniter->runController(Object(App\Controllers\ControllerShop))
 8 SYSTEMPATH\CodeIgniter.php(340): CodeIgniter\CodeIgniter->handleRequest(null, Object(Config\Cache), false)
 9 FCPATH\index.php(67): CodeIgniter\CodeIgniter->run()
10 SYSTEMPATH\Commands\Server\rewrite.php(43): require_once('FCPATH\\index.php')
CRITICAL - 2022-10-30 18:53:13 --> Undefined variable $type
in APPPATH\Views\content\viewProductStock.php on line 24.
 1 APPPATH\Views\content\viewProductStock.php(24): CodeIgniter\Debug\Exceptions->errorHandler(2, 'Undefined variable $type', 'APPPATH\\Views\\content\\viewProductStock.php', 24)
 2 SYSTEMPATH\View\View.php(213): include('APPPATH\\Views\\content\\viewProductStock.php')
 3 SYSTEMPATH\View\View.php(216): CodeIgniter\View\View->CodeIgniter\View\{closure}()
 4 SYSTEMPATH\Common.php(1142): CodeIgniter\View\View->render('content/viewProductStock', [], true)
 5 APPPATH\Controllers\ControllerShop.php(114): view('content/viewProductStock', [...])
 6 SYSTEMPATH\CodeIgniter.php(907): App\Controllers\ControllerShop->stockProduct()
 7 SYSTEMPATH\CodeIgniter.php(457): CodeIgniter\CodeIgniter->runController(Object(App\Controllers\ControllerShop))
 8 SYSTEMPATH\CodeIgniter.php(340): CodeIgniter\CodeIgniter->handleRequest(null, Object(Config\Cache), false)
 9 FCPATH\index.php(67): CodeIgniter\CodeIgniter->run()
10 SYSTEMPATH\Commands\Server\rewrite.php(43): require_once('FCPATH\\index.php')
CRITICAL - 2022-10-30 18:53:22 --> Undefined variable $type
in APPPATH\Views\content\viewProductStock.php on line 24.
 1 APPPATH\Views\content\viewProductStock.php(24): CodeIgniter\Debug\Exceptions->errorHandler(2, 'Undefined variable $type', 'APPPATH\\Views\\content\\viewProductStock.php', 24)
 2 SYSTEMPATH\View\View.php(213): include('APPPATH\\Views\\content\\viewProductStock.php')
 3 SYSTEMPATH\View\View.php(216): CodeIgniter\View\View->CodeIgniter\View\{closure}()
 4 SYSTEMPATH\Common.php(1142): CodeIgniter\View\View->render('content/viewProductStock', [], true)
 5 APPPATH\Controllers\ControllerShop.php(114): view('content/viewProductStock', [...])
 6 SYSTEMPATH\CodeIgniter.php(907): App\Controllers\ControllerShop->stockProduct()
 7 SYSTEMPATH\CodeIgniter.php(457): CodeIgniter\CodeIgniter->runController(Object(App\Controllers\ControllerShop))
 8 SYSTEMPATH\CodeIgniter.php(340): CodeIgniter\CodeIgniter->handleRequest(null, Object(Config\Cache), false)
 9 FCPATH\index.php(67): CodeIgniter\CodeIgniter->run()
10 SYSTEMPATH\Commands\Server\rewrite.php(43): require_once('FCPATH\\index.php')
