CRITICAL - 2022-10-26 06:54:54 --> Trying to access array offset on value of type null
in APPPATH\Views\content\viewProfile.php on line 31.
 1 APPPATH\Views\content\viewProfile.php(31): CodeIgniter\Debug\Exceptions->errorHandler(2, 'Trying to access array offset on value of type null', 'APPPATH\\Views\\content\\viewProfile.php', 31)
 2 SYSTEMPATH\View\View.php(213): include('APPPATH\\Views\\content\\viewProfile.php')
 3 SYSTEMPATH\View\View.php(216): CodeIgniter\View\View->CodeIgniter\View\{closure}()
 4 SYSTEMPATH\Common.php(1142): CodeIgniter\View\View->render('content/viewProfile', [], true)
 5 APPPATH\Controllers\ControllerShop.php(85): view('content/viewProfile', [...])
 6 SYSTEMPATH\CodeIgniter.php(907): App\Controllers\ControllerShop->profile()
 7 SYSTEMPATH\CodeIgniter.php(457): CodeIgniter\CodeIgniter->runController(Object(App\Controllers\ControllerShop))
 8 SYSTEMPATH\CodeIgniter.php(340): CodeIgniter\CodeIgniter->handleRequest(null, Object(Config\Cache), false)
 9 FCPATH\index.php(67): CodeIgniter\CodeIgniter->run()
10 SYSTEMPATH\Commands\Server\rewrite.php(43): require_once('FCPATH\\index.php')
CRITICAL - 2022-10-26 07:56:07 --> Too few arguments to function App\Controllers\ControllerShop::shop(), 0 passed in C:\xampp\htdocs\Fresh-Mart\vendor\codeigniter4\framework\system\CodeIgniter.php on line 907 and exactly 1 expected
in APPPATH\Controllers\ControllerShop.php on line 38.
 1 SYSTEMPATH\CodeIgniter.php(907): App\Controllers\ControllerShop->shop()
 2 SYSTEMPATH\CodeIgniter.php(457): CodeIgniter\CodeIgniter->runController(Object(App\Controllers\ControllerShop))
 3 SYSTEMPATH\CodeIgniter.php(340): CodeIgniter\CodeIgniter->handleRequest(null, Object(Config\Cache), false)
 4 FCPATH\index.php(67): CodeIgniter\CodeIgniter->run()
 5 SYSTEMPATH\Commands\Server\rewrite.php(43): require_once('FCPATH\\index.php')
CRITICAL - 2022-10-26 08:00:35 --> Undefined variable $product
in APPPATH\Views\content\viewProductStock.php on line 17.
 1 APPPATH\Views\content\viewProductStock.php(17): CodeIgniter\Debug\Exceptions->errorHandler(2, 'Undefined variable $product', 'APPPATH\\Views\\content\\viewProductStock.php', 17)
 2 SYSTEMPATH\View\View.php(213): include('APPPATH\\Views\\content\\viewProductStock.php')
 3 SYSTEMPATH\View\View.php(216): CodeIgniter\View\View->CodeIgniter\View\{closure}()
 4 SYSTEMPATH\Common.php(1142): CodeIgniter\View\View->render('content/viewProductStock', [], true)
 5 APPPATH\Controllers\ControllerShop.php(95): view('content/viewProductStock', [...])
 6 SYSTEMPATH\CodeIgniter.php(907): App\Controllers\ControllerShop->stock()
 7 SYSTEMPATH\CodeIgniter.php(457): CodeIgniter\CodeIgniter->runController(Object(App\Controllers\ControllerShop))
 8 SYSTEMPATH\CodeIgniter.php(340): CodeIgniter\CodeIgniter->handleRequest(null, Object(Config\Cache), false)
 9 FCPATH\index.php(67): CodeIgniter\CodeIgniter->run()
10 SYSTEMPATH\Commands\Server\rewrite.php(43): require_once('FCPATH\\index.php')
CRITICAL - 2022-10-26 08:01:03 --> Undefined variable $product
in APPPATH\Views\content\viewProductStock.php on line 17.
 1 APPPATH\Views\content\viewProductStock.php(17): CodeIgniter\Debug\Exceptions->errorHandler(2, 'Undefined variable $product', 'APPPATH\\Views\\content\\viewProductStock.php', 17)
 2 SYSTEMPATH\View\View.php(213): include('APPPATH\\Views\\content\\viewProductStock.php')
 3 SYSTEMPATH\View\View.php(216): CodeIgniter\View\View->CodeIgniter\View\{closure}()
 4 SYSTEMPATH\Common.php(1142): CodeIgniter\View\View->render('content/viewProductStock', [], true)
 5 APPPATH\Controllers\ControllerShop.php(95): view('content/viewProductStock', [...])
 6 SYSTEMPATH\CodeIgniter.php(907): App\Controllers\ControllerShop->stock()
 7 SYSTEMPATH\CodeIgniter.php(457): CodeIgniter\CodeIgniter->runController(Object(App\Controllers\ControllerShop))
 8 SYSTEMPATH\CodeIgniter.php(340): CodeIgniter\CodeIgniter->handleRequest(null, Object(Config\Cache), false)
 9 FCPATH\index.php(67): CodeIgniter\CodeIgniter->run()
10 SYSTEMPATH\Commands\Server\rewrite.php(43): require_once('FCPATH\\index.php')
CRITICAL - 2022-10-26 08:01:22 --> Undefined variable $product
in APPPATH\Views\content\viewProductStock.php on line 17.
 1 APPPATH\Views\content\viewProductStock.php(17): CodeIgniter\Debug\Exceptions->errorHandler(2, 'Undefined variable $product', 'APPPATH\\Views\\content\\viewProductStock.php', 17)
 2 SYSTEMPATH\View\View.php(213): include('APPPATH\\Views\\content\\viewProductStock.php')
 3 SYSTEMPATH\View\View.php(216): CodeIgniter\View\View->CodeIgniter\View\{closure}()
 4 SYSTEMPATH\Common.php(1142): CodeIgniter\View\View->render('content/viewProductStock', [], true)
 5 APPPATH\Controllers\ControllerShop.php(95): view('content/viewProductStock', [...])
 6 SYSTEMPATH\CodeIgniter.php(907): App\Controllers\ControllerShop->stock()
 7 SYSTEMPATH\CodeIgniter.php(457): CodeIgniter\CodeIgniter->runController(Object(App\Controllers\ControllerShop))
 8 SYSTEMPATH\CodeIgniter.php(340): CodeIgniter\CodeIgniter->handleRequest(null, Object(Config\Cache), false)
 9 FCPATH\index.php(67): CodeIgniter\CodeIgniter->run()
10 SYSTEMPATH\Commands\Server\rewrite.php(43): require_once('FCPATH\\index.php')
CRITICAL - 2022-10-26 08:02:09 --> Undefined variable $title
in APPPATH\Views\layout\template.php on line 5.
 1 APPPATH\Views\layout\template.php(5): CodeIgniter\Debug\Exceptions->errorHandler(2, 'Undefined variable $title', 'APPPATH\\Views\\layout\\template.php', 5)
 2 SYSTEMPATH\View\View.php(213): include('APPPATH\\Views\\layout\\template.php')
 3 SYSTEMPATH\View\View.php(216): CodeIgniter\View\View->CodeIgniter\View\{closure}()
 4 SYSTEMPATH\View\View.php(229): CodeIgniter\View\View->render('layout/template', [], true)
 5 SYSTEMPATH\Common.php(1142): CodeIgniter\View\View->render('content/viewAddProduct', [], true)
 6 APPPATH\Controllers\ControllerShop.php(104): view('content/viewAddProduct')
 7 SYSTEMPATH\CodeIgniter.php(907): App\Controllers\ControllerShop->addProduct()
 8 SYSTEMPATH\CodeIgniter.php(457): CodeIgniter\CodeIgniter->runController(Object(App\Controllers\ControllerShop))
 9 SYSTEMPATH\CodeIgniter.php(340): CodeIgniter\CodeIgniter->handleRequest(null, Object(Config\Cache), false)
10 FCPATH\index.php(67): CodeIgniter\CodeIgniter->run()
11 SYSTEMPATH\Commands\Server\rewrite.php(43): require_once('FCPATH\\index.php')
CRITICAL - 2022-10-26 09:52:58 --> Undefined property: App\Controllers\ControllerShop::$modelAccount
in APPPATH\Controllers\ControllerShop.php on line 117.
 1 APPPATH\Controllers\ControllerShop.php(117): CodeIgniter\Debug\Exceptions->errorHandler(2, 'Undefined property: App\\Controllers\\ControllerShop::$modelAccount', 'APPPATH\\Controllers\\ControllerShop.php', 117)
 2 SYSTEMPATH\CodeIgniter.php(907): App\Controllers\ControllerShop->addNewProduct()
 3 SYSTEMPATH\CodeIgniter.php(457): CodeIgniter\CodeIgniter->runController(Object(App\Controllers\ControllerShop))
 4 SYSTEMPATH\CodeIgniter.php(340): CodeIgniter\CodeIgniter->handleRequest(null, Object(Config\Cache), false)
 5 FCPATH\index.php(67): CodeIgniter\CodeIgniter->run()
 6 SYSTEMPATH\Commands\Server\rewrite.php(43): require_once('FCPATH\\index.php')
CRITICAL - 2022-10-26 10:30:43 --> foreach() argument must be of type array|object, null given
in APPPATH\Views\content\viewProductStock.php on line 36.
 1 APPPATH\Views\content\viewProductStock.php(36): CodeIgniter\Debug\Exceptions->errorHandler(2, 'foreach() argument must be of type array|object, null given', 'APPPATH\\Views\\content\\viewProductStock.php', 36)
 2 SYSTEMPATH\View\View.php(213): include('APPPATH\\Views\\content\\viewProductStock.php')
 3 SYSTEMPATH\View\View.php(216): CodeIgniter\View\View->CodeIgniter\View\{closure}()
 4 SYSTEMPATH\Common.php(1142): CodeIgniter\View\View->render('content/viewProductStock', [], true)
 5 APPPATH\Controllers\ControllerShop.php(96): view('content/viewProductStock', [...])
 6 SYSTEMPATH\CodeIgniter.php(907): App\Controllers\ControllerShop->stock()
 7 SYSTEMPATH\CodeIgniter.php(457): CodeIgniter\CodeIgniter->runController(Object(App\Controllers\ControllerShop))
 8 SYSTEMPATH\CodeIgniter.php(340): CodeIgniter\CodeIgniter->handleRequest(null, Object(Config\Cache), false)
 9 FCPATH\index.php(67): CodeIgniter\CodeIgniter->run()
10 SYSTEMPATH\Commands\Server\rewrite.php(43): require_once('FCPATH\\index.php')
CRITICAL - 2022-10-26 10:34:35 --> count(): Argument #1 ($value) must be of type Countable|array, null given
in APPPATH\Views\layout\template.php on line 124.
 1 SYSTEMPATH\View\View.php(213): include()
 2 SYSTEMPATH\View\View.php(216): CodeIgniter\View\View->CodeIgniter\View\{closure}()
 3 SYSTEMPATH\View\View.php(229): CodeIgniter\View\View->render('layout/template', [], true)
 4 SYSTEMPATH\Common.php(1142): CodeIgniter\View\View->render('content/viewProductStock', [], true)
 5 APPPATH\Controllers\ControllerShop.php(96): view('content/viewProductStock', [...])
 6 SYSTEMPATH\CodeIgniter.php(907): App\Controllers\ControllerShop->stock()
 7 SYSTEMPATH\CodeIgniter.php(457): CodeIgniter\CodeIgniter->runController(Object(App\Controllers\ControllerShop))
 8 SYSTEMPATH\CodeIgniter.php(340): CodeIgniter\CodeIgniter->handleRequest(null, Object(Config\Cache), false)
 9 FCPATH\index.php(67): CodeIgniter\CodeIgniter->run()
10 SYSTEMPATH\Commands\Server\rewrite.php(43): require_once('FCPATH\\index.php')
CRITICAL - 2022-10-26 10:47:55 --> Undefined array key "seller"
in APPPATH\Views\content\viewShopSingle.php on line 51.
 1 APPPATH\Views\content\viewShopSingle.php(51): CodeIgniter\Debug\Exceptions->errorHandler(2, 'Undefined array key "seller"', 'APPPATH\\Views\\content\\viewShopSingle.php', 51)
 2 SYSTEMPATH\View\View.php(213): include('APPPATH\\Views\\content\\viewShopSingle.php')
 3 SYSTEMPATH\View\View.php(216): CodeIgniter\View\View->CodeIgniter\View\{closure}()
 4 SYSTEMPATH\Common.php(1142): CodeIgniter\View\View->render('content/viewShopSingle', [], true)
 5 APPPATH\Controllers\ControllerShop.php(62): view('content/viewShopSingle', [...])
 6 SYSTEMPATH\CodeIgniter.php(907): App\Controllers\ControllerShop->shopSingle('3')
 7 SYSTEMPATH\CodeIgniter.php(457): CodeIgniter\CodeIgniter->runController(Object(App\Controllers\ControllerShop))
 8 SYSTEMPATH\CodeIgniter.php(340): CodeIgniter\CodeIgniter->handleRequest(null, Object(Config\Cache), false)
 9 FCPATH\index.php(67): CodeIgniter\CodeIgniter->run()
10 SYSTEMPATH\Commands\Server\rewrite.php(43): require_once('FCPATH\\index.php')
CRITICAL - 2022-10-26 10:51:01 --> Undefined property: CodeIgniter\View\View::$modelAccount
in APPPATH\Views\content\viewShopSingle.php on line 51.
 1 APPPATH\Views\content\viewShopSingle.php(51): CodeIgniter\Debug\Exceptions->errorHandler(2, 'Undefined property: CodeIgniter\\View\\View::$modelAccount', 'APPPATH\\Views\\content\\viewShopSingle.php', 51)
 2 SYSTEMPATH\View\View.php(213): include('APPPATH\\Views\\content\\viewShopSingle.php')
 3 SYSTEMPATH\View\View.php(216): CodeIgniter\View\View->CodeIgniter\View\{closure}()
 4 SYSTEMPATH\Common.php(1142): CodeIgniter\View\View->render('content/viewShopSingle', [], true)
 5 APPPATH\Controllers\ControllerShop.php(62): view('content/viewShopSingle', [...])
 6 SYSTEMPATH\CodeIgniter.php(907): App\Controllers\ControllerShop->shopSingle('3')
 7 SYSTEMPATH\CodeIgniter.php(457): CodeIgniter\CodeIgniter->runController(Object(App\Controllers\ControllerShop))
 8 SYSTEMPATH\CodeIgniter.php(340): CodeIgniter\CodeIgniter->handleRequest(null, Object(Config\Cache), false)
 9 FCPATH\index.php(67): CodeIgniter\CodeIgniter->run()
10 SYSTEMPATH\Commands\Server\rewrite.php(43): require_once('FCPATH\\index.php')
