CRITICAL - 2022-10-23 01:42:33 --> Undefined array key "id_product"
in APPPATH\Views\content\viewCart.php on line 52.
 1 APPPATH\Views\content\viewCart.php(52): CodeIgniter\Debug\Exceptions->errorHandler(2, 'Undefined array key "id_product"', 'APPPATH\\Views\\content\\viewCart.php', 52)
 2 SYSTEMPATH\View\View.php(213): include('APPPATH\\Views\\content\\viewCart.php')
 3 SYSTEMPATH\View\View.php(216): CodeIgniter\View\View->CodeIgniter\View\{closure}()
 4 SYSTEMPATH\Common.php(1142): CodeIgniter\View\View->render('content/viewCart', [], true)
 5 APPPATH\Controllers\ControllerShop.php(65): view('content/viewCart', [...])
 6 SYSTEMPATH\CodeIgniter.php(907): App\Controllers\ControllerShop->cart()
 7 SYSTEMPATH\CodeIgniter.php(457): CodeIgniter\CodeIgniter->runController(Object(App\Controllers\ControllerShop))
 8 SYSTEMPATH\CodeIgniter.php(340): CodeIgniter\CodeIgniter->handleRequest(null, Object(Config\Cache), false)
 9 FCPATH\index.php(67): CodeIgniter\CodeIgniter->run()
10 SYSTEMPATH\Commands\Server\rewrite.php(43): require_once('FCPATH\\index.php')
CRITICAL - 2022-10-23 03:18:14 --> Undefined variable $listCartProduct
in APPPATH\Views\content\viewProductStock.php on line 4.
 1 APPPATH\Views\content\viewProductStock.php(4): CodeIgniter\Debug\Exceptions->errorHandler(2, 'Undefined variable $listCartProduct', 'APPPATH\\Views\\content\\viewProductStock.php', 4)
 2 SYSTEMPATH\View\View.php(213): include('APPPATH\\Views\\content\\viewProductStock.php')
 3 SYSTEMPATH\View\View.php(216): CodeIgniter\View\View->CodeIgniter\View\{closure}()
 4 SYSTEMPATH\Common.php(1142): CodeIgniter\View\View->render('content/viewProductStock', [], true)
 5 APPPATH\Controllers\ControllerShop.php(86): view('content/viewProductStock', [...])
 6 SYSTEMPATH\CodeIgniter.php(907): App\Controllers\ControllerShop->stock()
 7 SYSTEMPATH\CodeIgniter.php(457): CodeIgniter\CodeIgniter->runController(Object(App\Controllers\ControllerShop))
 8 SYSTEMPATH\CodeIgniter.php(340): CodeIgniter\CodeIgniter->handleRequest(null, Object(Config\Cache), false)
 9 FCPATH\index.php(67): CodeIgniter\CodeIgniter->run()
10 SYSTEMPATH\Commands\Server\rewrite.php(43): require_once('FCPATH\\index.php')
CRITICAL - 2022-10-23 03:23:42 --> Undefined variable $redirectTo
in APPPATH\Views\layout\template.php on line 114.
 1 APPPATH\Views\layout\template.php(114): CodeIgniter\Debug\Exceptions->errorHandler(2, 'Undefined variable $redirectTo', 'APPPATH\\Views\\layout\\template.php', 114)
 2 SYSTEMPATH\View\View.php(213): include('APPPATH\\Views\\layout\\template.php')
 3 SYSTEMPATH\View\View.php(216): CodeIgniter\View\View->CodeIgniter\View\{closure}()
 4 SYSTEMPATH\View\View.php(229): CodeIgniter\View\View->render('layout/template', [], true)
 5 SYSTEMPATH\Common.php(1142): CodeIgniter\View\View->render('content/viewSignIn', [], true)
 6 APPPATH\Controllers\ControllerAccount.php(28): view('content/viewSignIn', [...])
 7 SYSTEMPATH\CodeIgniter.php(907): App\Controllers\ControllerAccount->signIn()
 8 SYSTEMPATH\CodeIgniter.php(457): CodeIgniter\CodeIgniter->runController(Object(App\Controllers\ControllerAccount))
 9 SYSTEMPATH\CodeIgniter.php(340): CodeIgniter\CodeIgniter->handleRequest(null, Object(Config\Cache), false)
10 FCPATH\index.php(67): CodeIgniter\CodeIgniter->run()
11 SYSTEMPATH\Commands\Server\rewrite.php(43): require_once('FCPATH\\index.php')
CRITICAL - 2022-10-23 03:25:06 --> Undefined property: App\Controllers\ControllerShop::$modelShipped
in APPPATH\Controllers\ControllerShop.php on line 112.
 1 APPPATH\Controllers\ControllerShop.php(112): CodeIgniter\Debug\Exceptions->errorHandler(2, 'Undefined property: App\\Controllers\\ControllerShop::$modelShipped', 'APPPATH\\Controllers\\ControllerShop.php', 112)
 2 APPPATH\Controllers\ControllerShop.php(89): App\Controllers\ControllerShop->GetListCartProduct()
 3 SYSTEMPATH\CodeIgniter.php(907): App\Controllers\ControllerShop->stock()
 4 SYSTEMPATH\CodeIgniter.php(457): CodeIgniter\CodeIgniter->runController(Object(App\Controllers\ControllerShop))
 5 SYSTEMPATH\CodeIgniter.php(340): CodeIgniter\CodeIgniter->handleRequest(null, Object(Config\Cache), false)
 6 FCPATH\index.php(67): CodeIgniter\CodeIgniter->run()
 7 SYSTEMPATH\Commands\Server\rewrite.php(43): require_once('FCPATH\\index.php')
CRITICAL - 2022-10-23 03:25:33 --> Undefined property: App\Controllers\ControllerShop::$modelCart
in APPPATH\Controllers\ControllerShop.php on line 119.
 1 APPPATH\Controllers\ControllerShop.php(119): CodeIgniter\Debug\Exceptions->errorHandler(2, 'Undefined property: App\\Controllers\\ControllerShop::$modelCart', 'APPPATH\\Controllers\\ControllerShop.php', 119)
 2 APPPATH\Controllers\ControllerShop.php(92): App\Controllers\ControllerShop->GetListCartProduct()
 3 SYSTEMPATH\CodeIgniter.php(907): App\Controllers\ControllerShop->stock()
 4 SYSTEMPATH\CodeIgniter.php(457): CodeIgniter\CodeIgniter->runController(Object(App\Controllers\ControllerShop))
 5 SYSTEMPATH\CodeIgniter.php(340): CodeIgniter\CodeIgniter->handleRequest(null, Object(Config\Cache), false)
 6 FCPATH\index.php(67): CodeIgniter\CodeIgniter->run()
 7 SYSTEMPATH\Commands\Server\rewrite.php(43): require_once('FCPATH\\index.php')
CRITICAL - 2022-10-23 03:53:09 --> Cannot use object of type App\Models\modelAccount as array
in APPPATH\Views\content\viewProductStock.php on line 43.
 1 SYSTEMPATH\View\View.php(213): include()
 2 SYSTEMPATH\View\View.php(216): CodeIgniter\View\View->CodeIgniter\View\{closure}()
 3 SYSTEMPATH\Common.php(1142): CodeIgniter\View\View->render('content/viewProductStock', [], true)
 4 APPPATH\Controllers\ControllerShop.php(95): view('content/viewProductStock', [...])
 5 SYSTEMPATH\CodeIgniter.php(907): App\Controllers\ControllerShop->stock()
 6 SYSTEMPATH\CodeIgniter.php(457): CodeIgniter\CodeIgniter->runController(Object(App\Controllers\ControllerShop))
 7 SYSTEMPATH\CodeIgniter.php(340): CodeIgniter\CodeIgniter->handleRequest(null, Object(Config\Cache), false)
 8 FCPATH\index.php(67): CodeIgniter\CodeIgniter->run()
 9 SYSTEMPATH\Commands\Server\rewrite.php(43): require_once('FCPATH\\index.php')
CRITICAL - 2022-10-23 04:33:39 --> Undefined array key "created_at"
in APPPATH\Views\content\viewProductStock.php on line 46.
 1 APPPATH\Views\content\viewProductStock.php(46): CodeIgniter\Debug\Exceptions->errorHandler(2, 'Undefined array key "created_at"', 'APPPATH\\Views\\content\\viewProductStock.php', 46)
 2 SYSTEMPATH\View\View.php(213): include('APPPATH\\Views\\content\\viewProductStock.php')
 3 SYSTEMPATH\View\View.php(216): CodeIgniter\View\View->CodeIgniter\View\{closure}()
 4 SYSTEMPATH\Common.php(1142): CodeIgniter\View\View->render('content/viewProductStock', [], true)
 5 APPPATH\Controllers\ControllerShop.php(95): view('content/viewProductStock', [...])
 6 SYSTEMPATH\CodeIgniter.php(907): App\Controllers\ControllerShop->stock()
 7 SYSTEMPATH\CodeIgniter.php(457): CodeIgniter\CodeIgniter->runController(Object(App\Controllers\ControllerShop))
 8 SYSTEMPATH\CodeIgniter.php(340): CodeIgniter\CodeIgniter->handleRequest(null, Object(Config\Cache), false)
 9 FCPATH\index.php(67): CodeIgniter\CodeIgniter->run()
10 SYSTEMPATH\Commands\Server\rewrite.php(43): require_once('FCPATH\\index.php')
CRITICAL - 2022-10-23 04:35:11 --> Cannot use object of type App\Models\modelShipped as array
in APPPATH\Views\content\viewProductStock.php on line 49.
 1 SYSTEMPATH\View\View.php(213): include()
 2 SYSTEMPATH\View\View.php(216): CodeIgniter\View\View->CodeIgniter\View\{closure}()
 3 SYSTEMPATH\Common.php(1142): CodeIgniter\View\View->render('content/viewProductStock', [], true)
 4 APPPATH\Controllers\ControllerShop.php(95): view('content/viewProductStock', [...])
 5 SYSTEMPATH\CodeIgniter.php(907): App\Controllers\ControllerShop->stock()
 6 SYSTEMPATH\CodeIgniter.php(457): CodeIgniter\CodeIgniter->runController(Object(App\Controllers\ControllerShop))
 7 SYSTEMPATH\CodeIgniter.php(340): CodeIgniter\CodeIgniter->handleRequest(null, Object(Config\Cache), false)
 8 FCPATH\index.php(67): CodeIgniter\CodeIgniter->run()
 9 SYSTEMPATH\Commands\Server\rewrite.php(43): require_once('FCPATH\\index.php')
