CRITICAL - 2022-10-14 09:31:55 --> Invalid file: content/viewSignUn.php
in SYSTEMPATH\Exceptions\FrameworkException.php on line 33.
 1 SYSTEMPATH\View\View.php(201): CodeIgniter\Exceptions\FrameworkException::forInvalidFile('content/viewSignUn.php')
 2 SYSTEMPATH\Common.php(1142): CodeIgniter\View\View->render('content/viewSignUn', [], true)
 3 APPPATH\Controllers\ControllerShop.php(24): view('content/viewSignUn', [...])
 4 SYSTEMPATH\CodeIgniter.php(907): App\Controllers\ControllerShop->signUn()
 5 SYSTEMPATH\CodeIgniter.php(457): CodeIgniter\CodeIgniter->runController(Object(App\Controllers\ControllerShop))
 6 SYSTEMPATH\CodeIgniter.php(340): CodeIgniter\CodeIgniter->handleRequest(null, Object(Config\Cache), false)
 7 FCPATH\index.php(67): CodeIgniter\CodeIgniter->run()
 8 SYSTEMPATH\Commands\Server\rewrite.php(43): require_once('FCPATH\\index.php')
CRITICAL - 2022-10-14 09:32:02 --> Invalid file: content/viewSignUn.php
in SYSTEMPATH\Exceptions\FrameworkException.php on line 33.
 1 SYSTEMPATH\View\View.php(201): CodeIgniter\Exceptions\FrameworkException::forInvalidFile('content/viewSignUn.php')
 2 SYSTEMPATH\Common.php(1142): CodeIgniter\View\View->render('content/viewSignUn', [], true)
 3 APPPATH\Controllers\ControllerShop.php(24): view('content/viewSignUn', [...])
 4 SYSTEMPATH\CodeIgniter.php(907): App\Controllers\ControllerShop->signUn()
 5 SYSTEMPATH\CodeIgniter.php(457): CodeIgniter\CodeIgniter->runController(Object(App\Controllers\ControllerShop))
 6 SYSTEMPATH\CodeIgniter.php(340): CodeIgniter\CodeIgniter->handleRequest(null, Object(Config\Cache), false)
 7 FCPATH\index.php(67): CodeIgniter\CodeIgniter->run()
 8 SYSTEMPATH\Commands\Server\rewrite.php(43): require_once('FCPATH\\index.php')
