CRITICAL - 2022-11-05 06:01:53 --> Undefined array key "seller"
in APPPATH\Views\content\viewCart.php on line 64.
 1 APPPATH\Views\content\viewCart.php(64): CodeIgniter\Debug\Exceptions->errorHandler(2, 'Undefined array key "seller"', 'APPPATH\\Views\\content\\viewCart.php', 64)
 2 SYSTEMPATH\View\View.php(213): include('APPPATH\\Views\\content\\viewCart.php')
 3 SYSTEMPATH\View\View.php(216): CodeIgniter\View\View->CodeIgniter\View\{closure}()
 4 SYSTEMPATH\Common.php(1142): CodeIgniter\View\View->render('content/viewCart', [], true)
 5 APPPATH\Controllers\ControllerShop.php(93): view('content/viewCart', [...])
 6 SYSTEMPATH\CodeIgniter.php(907): App\Controllers\ControllerShop->cart()
 7 SYSTEMPATH\CodeIgniter.php(457): CodeIgniter\CodeIgniter->runController(Object(App\Controllers\ControllerShop))
 8 SYSTEMPATH\CodeIgniter.php(340): CodeIgniter\CodeIgniter->handleRequest(null, Object(Config\Cache), false)
 9 FCPATH\index.php(67): CodeIgniter\CodeIgniter->run()
10 SYSTEMPATH\Commands\Server\rewrite.php(43): require_once('FCPATH\\index.php')
CRITICAL - 2022-11-05 06:03:46 --> Array to string conversion
in APPPATH\Views\content\viewCart.php on line 67.
 1 APPPATH\Views\content\viewCart.php(67): CodeIgniter\Debug\Exceptions->errorHandler(2, 'Array to string conversion', 'APPPATH\\Views\\content\\viewCart.php', 67)
 2 SYSTEMPATH\View\View.php(213): include('APPPATH\\Views\\content\\viewCart.php')
 3 SYSTEMPATH\View\View.php(216): CodeIgniter\View\View->CodeIgniter\View\{closure}()
 4 SYSTEMPATH\Common.php(1142): CodeIgniter\View\View->render('content/viewCart', [], true)
 5 APPPATH\Controllers\ControllerShop.php(93): view('content/viewCart', [...])
 6 SYSTEMPATH\CodeIgniter.php(907): App\Controllers\ControllerShop->cart()
 7 SYSTEMPATH\CodeIgniter.php(457): CodeIgniter\CodeIgniter->runController(Object(App\Controllers\ControllerShop))
 8 SYSTEMPATH\CodeIgniter.php(340): CodeIgniter\CodeIgniter->handleRequest(null, Object(Config\Cache), false)
 9 FCPATH\index.php(67): CodeIgniter\CodeIgniter->run()
10 SYSTEMPATH\Commands\Server\rewrite.php(43): require_once('FCPATH\\index.php')
CRITICAL - 2022-11-05 06:44:36 --> Trying to access array offset on value of type null
in APPPATH\Views\content\viewTransaction.php on line 67.
 1 APPPATH\Views\content\viewTransaction.php(67): CodeIgniter\Debug\Exceptions->errorHandler(2, 'Trying to access array offset on value of type null', 'APPPATH\\Views\\content\\viewTransaction.php', 67)
 2 SYSTEMPATH\View\View.php(213): include('APPPATH\\Views\\content\\viewTransaction.php')
 3 SYSTEMPATH\View\View.php(216): CodeIgniter\View\View->CodeIgniter\View\{closure}()
 4 SYSTEMPATH\Common.php(1142): CodeIgniter\View\View->render('content/viewTransaction', [], true)
 5 APPPATH\Controllers\ControllerShop.php(125): view('content/viewTransaction', [...])
 6 SYSTEMPATH\CodeIgniter.php(907): App\Controllers\ControllerShop->stockTransaction()
 7 SYSTEMPATH\CodeIgniter.php(457): CodeIgniter\CodeIgniter->runController(Object(App\Controllers\ControllerShop))
 8 SYSTEMPATH\CodeIgniter.php(340): CodeIgniter\CodeIgniter->handleRequest(null, Object(Config\Cache), false)
 9 FCPATH\index.php(67): CodeIgniter\CodeIgniter->run()
10 SYSTEMPATH\Commands\Server\rewrite.php(43): require_once('FCPATH\\index.php')
