CRITICAL - 2022-10-06 22:24:41 --> Undefined variable $product
in APPPATH\Views\content\viewShop.php on line 86.
 1 APPPATH\Views\content\viewShop.php(86): CodeIgniter\Debug\Exceptions->errorHandler(2, 'Undefined variable $product', 'APPPATH\\Views\\content\\viewShop.php', 86)
 2 SYSTEMPATH\View\View.php(213): include('APPPATH\\Views\\content\\viewShop.php')
 3 SYSTEMPATH\View\View.php(216): CodeIgniter\View\View->CodeIgniter\View\{closure}()
 4 SYSTEMPATH\Common.php(1142): CodeIgniter\View\View->render('content/viewShop', [], true)
 5 APPPATH\Controllers\ControllerShop.php(30): view('content/viewShop', [...])
 6 SYSTEMPATH\CodeIgniter.php(907): App\Controllers\ControllerShop->shop()
 7 SYSTEMPATH\CodeIgniter.php(457): CodeIgniter\CodeIgniter->runController(Object(App\Controllers\ControllerShop))
 8 SYSTEMPATH\CodeIgniter.php(340): CodeIgniter\CodeIgniter->handleRequest(null, Object(Config\Cache), false)
 9 FCPATH\index.php(67): CodeIgniter\CodeIgniter->run()
10 SYSTEMPATH\Commands\Server\rewrite.php(43): require_once('FCPATH\\index.php')
CRITICAL - 2022-10-06 22:24:47 --> Undefined variable $product
in APPPATH\Views\content\viewShop.php on line 86.
 1 APPPATH\Views\content\viewShop.php(86): CodeIgniter\Debug\Exceptions->errorHandler(2, 'Undefined variable $product', 'APPPATH\\Views\\content\\viewShop.php', 86)
 2 SYSTEMPATH\View\View.php(213): include('APPPATH\\Views\\content\\viewShop.php')
 3 SYSTEMPATH\View\View.php(216): CodeIgniter\View\View->CodeIgniter\View\{closure}()
 4 SYSTEMPATH\Common.php(1142): CodeIgniter\View\View->render('content/viewShop', [], true)
 5 APPPATH\Controllers\ControllerShop.php(30): view('content/viewShop', [...])
 6 SYSTEMPATH\CodeIgniter.php(907): App\Controllers\ControllerShop->shop()
 7 SYSTEMPATH\CodeIgniter.php(457): CodeIgniter\CodeIgniter->runController(Object(App\Controllers\ControllerShop))
 8 SYSTEMPATH\CodeIgniter.php(340): CodeIgniter\CodeIgniter->handleRequest(null, Object(Config\Cache), false)
 9 FCPATH\index.php(67): CodeIgniter\CodeIgniter->run()
10 SYSTEMPATH\Commands\Server\rewrite.php(43): require_once('FCPATH\\index.php')
CRITICAL - 2022-10-06 22:25:36 --> Undefined variable $product
in APPPATH\Views\content\viewShop.php on line 86.
 1 APPPATH\Views\content\viewShop.php(86): CodeIgniter\Debug\Exceptions->errorHandler(2, 'Undefined variable $product', 'APPPATH\\Views\\content\\viewShop.php', 86)
 2 SYSTEMPATH\View\View.php(213): include('APPPATH\\Views\\content\\viewShop.php')
 3 SYSTEMPATH\View\View.php(216): CodeIgniter\View\View->CodeIgniter\View\{closure}()
 4 SYSTEMPATH\Common.php(1142): CodeIgniter\View\View->render('content/viewShop', [], true)
 5 APPPATH\Controllers\ControllerShop.php(30): view('content/viewShop', [...])
 6 SYSTEMPATH\CodeIgniter.php(907): App\Controllers\ControllerShop->shop()
 7 SYSTEMPATH\CodeIgniter.php(457): CodeIgniter\CodeIgniter->runController(Object(App\Controllers\ControllerShop))
 8 SYSTEMPATH\CodeIgniter.php(340): CodeIgniter\CodeIgniter->handleRequest(null, Object(Config\Cache), false)
 9 FCPATH\index.php(67): CodeIgniter\CodeIgniter->run()
10 SYSTEMPATH\Commands\Server\rewrite.php(43): require_once('FCPATH\\index.php')
CRITICAL - 2022-10-06 22:25:48 --> Undefined variable $product
in APPPATH\Views\content\viewShop.php on line 123.
 1 APPPATH\Views\content\viewShop.php(123): CodeIgniter\Debug\Exceptions->errorHandler(2, 'Undefined variable $product', 'APPPATH\\Views\\content\\viewShop.php', 123)
 2 SYSTEMPATH\View\View.php(213): include('APPPATH\\Views\\content\\viewShop.php')
 3 SYSTEMPATH\View\View.php(216): CodeIgniter\View\View->CodeIgniter\View\{closure}()
 4 SYSTEMPATH\Common.php(1142): CodeIgniter\View\View->render('content/viewShop', [], true)
 5 APPPATH\Controllers\ControllerShop.php(30): view('content/viewShop', [...])
 6 SYSTEMPATH\CodeIgniter.php(907): App\Controllers\ControllerShop->shop()
 7 SYSTEMPATH\CodeIgniter.php(457): CodeIgniter\CodeIgniter->runController(Object(App\Controllers\ControllerShop))
 8 SYSTEMPATH\CodeIgniter.php(340): CodeIgniter\CodeIgniter->handleRequest(null, Object(Config\Cache), false)
 9 FCPATH\index.php(67): CodeIgniter\CodeIgniter->run()
10 SYSTEMPATH\Commands\Server\rewrite.php(43): require_once('FCPATH\\index.php')
CRITICAL - 2022-10-06 22:31:36 --> Undefined variable $product
in APPPATH\Views\content\viewShop.php on line 86.
 1 APPPATH\Views\content\viewShop.php(86): CodeIgniter\Debug\Exceptions->errorHandler(2, 'Undefined variable $product', 'APPPATH\\Views\\content\\viewShop.php', 86)
 2 SYSTEMPATH\View\View.php(213): include('APPPATH\\Views\\content\\viewShop.php')
 3 SYSTEMPATH\View\View.php(216): CodeIgniter\View\View->CodeIgniter\View\{closure}()
 4 SYSTEMPATH\Common.php(1142): CodeIgniter\View\View->render('content/viewShop', [], true)
 5 APPPATH\Controllers\ControllerShop.php(31): view('content/viewShop', [...])
 6 SYSTEMPATH\CodeIgniter.php(907): App\Controllers\ControllerShop->shop()
 7 SYSTEMPATH\CodeIgniter.php(457): CodeIgniter\CodeIgniter->runController(Object(App\Controllers\ControllerShop))
 8 SYSTEMPATH\CodeIgniter.php(340): CodeIgniter\CodeIgniter->handleRequest(null, Object(Config\Cache), false)
 9 FCPATH\index.php(67): CodeIgniter\CodeIgniter->run()
10 SYSTEMPATH\Commands\Server\rewrite.php(43): require_once('FCPATH\\index.php')
CRITICAL - 2022-10-06 22:41:01 --> Undefined variable $product
in APPPATH\Views\content\viewShop.php on line 86.
 1 APPPATH\Views\content\viewShop.php(86): CodeIgniter\Debug\Exceptions->errorHandler(2, 'Undefined variable $product', 'APPPATH\\Views\\content\\viewShop.php', 86)
 2 SYSTEMPATH\View\View.php(213): include('APPPATH\\Views\\content\\viewShop.php')
 3 SYSTEMPATH\View\View.php(216): CodeIgniter\View\View->CodeIgniter\View\{closure}()
 4 SYSTEMPATH\Common.php(1142): CodeIgniter\View\View->render('content/viewShop', [], true)
 5 APPPATH\Controllers\ControllerShop.php(31): view('content/viewShop', [...])
 6 SYSTEMPATH\CodeIgniter.php(907): App\Controllers\ControllerShop->shop()
 7 SYSTEMPATH\CodeIgniter.php(457): CodeIgniter\CodeIgniter->runController(Object(App\Controllers\ControllerShop))
 8 SYSTEMPATH\CodeIgniter.php(340): CodeIgniter\CodeIgniter->handleRequest(null, Object(Config\Cache), false)
 9 FCPATH\index.php(67): CodeIgniter\CodeIgniter->run()
10 SYSTEMPATH\Commands\Server\rewrite.php(43): require_once('FCPATH\\index.php')
CRITICAL - 2022-10-06 22:42:55 --> Undefined variable $product
in APPPATH\Views\content\viewShop.php on line 86.
 1 APPPATH\Views\content\viewShop.php(86): CodeIgniter\Debug\Exceptions->errorHandler(2, 'Undefined variable $product', 'APPPATH\\Views\\content\\viewShop.php', 86)
 2 SYSTEMPATH\View\View.php(213): include('APPPATH\\Views\\content\\viewShop.php')
 3 SYSTEMPATH\View\View.php(216): CodeIgniter\View\View->CodeIgniter\View\{closure}()
 4 SYSTEMPATH\Common.php(1142): CodeIgniter\View\View->render('content/viewShop', [], true)
 5 APPPATH\Controllers\ControllerShop.php(31): view('content/viewShop', [...])
 6 SYSTEMPATH\CodeIgniter.php(907): App\Controllers\ControllerShop->shop()
 7 SYSTEMPATH\CodeIgniter.php(457): CodeIgniter\CodeIgniter->runController(Object(App\Controllers\ControllerShop))
 8 SYSTEMPATH\CodeIgniter.php(340): CodeIgniter\CodeIgniter->handleRequest(null, Object(Config\Cache), false)
 9 FCPATH\index.php(67): CodeIgniter\CodeIgniter->run()
10 SYSTEMPATH\Commands\Server\rewrite.php(43): require_once('FCPATH\\index.php')
CRITICAL - 2022-10-06 22:42:57 --> Undefined variable $product
in APPPATH\Views\content\viewShop.php on line 86.
 1 APPPATH\Views\content\viewShop.php(86): CodeIgniter\Debug\Exceptions->errorHandler(2, 'Undefined variable $product', 'APPPATH\\Views\\content\\viewShop.php', 86)
 2 SYSTEMPATH\View\View.php(213): include('APPPATH\\Views\\content\\viewShop.php')
 3 SYSTEMPATH\View\View.php(216): CodeIgniter\View\View->CodeIgniter\View\{closure}()
 4 SYSTEMPATH\Common.php(1142): CodeIgniter\View\View->render('content/viewShop', [], true)
 5 APPPATH\Controllers\ControllerShop.php(31): view('content/viewShop', [...])
 6 SYSTEMPATH\CodeIgniter.php(907): App\Controllers\ControllerShop->shop()
 7 SYSTEMPATH\CodeIgniter.php(457): CodeIgniter\CodeIgniter->runController(Object(App\Controllers\ControllerShop))
 8 SYSTEMPATH\CodeIgniter.php(340): CodeIgniter\CodeIgniter->handleRequest(null, Object(Config\Cache), false)
 9 FCPATH\index.php(67): CodeIgniter\CodeIgniter->run()
10 SYSTEMPATH\Commands\Server\rewrite.php(43): require_once('FCPATH\\index.php')
CRITICAL - 2022-10-06 22:43:37 --> Undefined variable $product
in APPPATH\Views\content\viewShop.php on line 88.
 1 APPPATH\Views\content\viewShop.php(88): CodeIgniter\Debug\Exceptions->errorHandler(2, 'Undefined variable $product', 'APPPATH\\Views\\content\\viewShop.php', 88)
 2 SYSTEMPATH\View\View.php(213): include('APPPATH\\Views\\content\\viewShop.php')
 3 SYSTEMPATH\View\View.php(216): CodeIgniter\View\View->CodeIgniter\View\{closure}()
 4 SYSTEMPATH\Common.php(1142): CodeIgniter\View\View->render('content/viewShop', [], true)
 5 APPPATH\Controllers\ControllerShop.php(31): view('content/viewShop', [...])
 6 SYSTEMPATH\CodeIgniter.php(907): App\Controllers\ControllerShop->shop()
 7 SYSTEMPATH\CodeIgniter.php(457): CodeIgniter\CodeIgniter->runController(Object(App\Controllers\ControllerShop))
 8 SYSTEMPATH\CodeIgniter.php(340): CodeIgniter\CodeIgniter->handleRequest(null, Object(Config\Cache), false)
 9 FCPATH\index.php(67): CodeIgniter\CodeIgniter->run()
10 SYSTEMPATH\Commands\Server\rewrite.php(43): require_once('FCPATH\\index.php')
CRITICAL - 2022-10-06 22:43:44 --> Undefined variable $product
in APPPATH\Views\content\viewShop.php on line 88.
 1 APPPATH\Views\content\viewShop.php(88): CodeIgniter\Debug\Exceptions->errorHandler(2, 'Undefined variable $product', 'APPPATH\\Views\\content\\viewShop.php', 88)
 2 SYSTEMPATH\View\View.php(213): include('APPPATH\\Views\\content\\viewShop.php')
 3 SYSTEMPATH\View\View.php(216): CodeIgniter\View\View->CodeIgniter\View\{closure}()
 4 SYSTEMPATH\Common.php(1142): CodeIgniter\View\View->render('content/viewShop', [], true)
 5 APPPATH\Controllers\ControllerShop.php(31): view('content/viewShop', [...])
 6 SYSTEMPATH\CodeIgniter.php(907): App\Controllers\ControllerShop->shop()
 7 SYSTEMPATH\CodeIgniter.php(457): CodeIgniter\CodeIgniter->runController(Object(App\Controllers\ControllerShop))
 8 SYSTEMPATH\CodeIgniter.php(340): CodeIgniter\CodeIgniter->handleRequest(null, Object(Config\Cache), false)
 9 FCPATH\index.php(67): CodeIgniter\CodeIgniter->run()
10 SYSTEMPATH\Commands\Server\rewrite.php(43): require_once('FCPATH\\index.php')
CRITICAL - 2022-10-06 22:44:42 --> Undefined variable $product
in APPPATH\Views\content\viewShop.php on line 86.
 1 APPPATH\Views\content\viewShop.php(86): CodeIgniter\Debug\Exceptions->errorHandler(2, 'Undefined variable $product', 'APPPATH\\Views\\content\\viewShop.php', 86)
 2 SYSTEMPATH\View\View.php(213): include('APPPATH\\Views\\content\\viewShop.php')
 3 SYSTEMPATH\View\View.php(216): CodeIgniter\View\View->CodeIgniter\View\{closure}()
 4 SYSTEMPATH\Common.php(1142): CodeIgniter\View\View->render('content/viewShop', [], true)
 5 APPPATH\Controllers\ControllerShop.php(31): view('content/viewShop', [...])
 6 SYSTEMPATH\CodeIgniter.php(907): App\Controllers\ControllerShop->shop()
 7 SYSTEMPATH\CodeIgniter.php(457): CodeIgniter\CodeIgniter->runController(Object(App\Controllers\ControllerShop))
 8 SYSTEMPATH\CodeIgniter.php(340): CodeIgniter\CodeIgniter->handleRequest(null, Object(Config\Cache), false)
 9 FCPATH\index.php(67): CodeIgniter\CodeIgniter->run()
10 SYSTEMPATH\Commands\Server\rewrite.php(43): require_once('FCPATH\\index.php')
CRITICAL - 2022-10-06 22:52:08 --> Call to undefined method App\Models\modelProduct::hasError
in SYSTEMPATH\Model.php on line 774.
 1 APPPATH\Controllers\ControllerShop.php(32): CodeIgniter\Model->__call('hasError', [])
 2 SYSTEMPATH\CodeIgniter.php(907): App\Controllers\ControllerShop->shop()
 3 SYSTEMPATH\CodeIgniter.php(457): CodeIgniter\CodeIgniter->runController(Object(App\Controllers\ControllerShop))
 4 SYSTEMPATH\CodeIgniter.php(340): CodeIgniter\CodeIgniter->handleRequest(null, Object(Config\Cache), false)
 5 FCPATH\index.php(67): CodeIgniter\CodeIgniter->run()
 6 SYSTEMPATH\Commands\Server\rewrite.php(43): require_once('FCPATH\\index.php')
CRITICAL - 2022-10-06 22:52:16 --> Call to undefined method App\Models\modelProduct::hasError
in SYSTEMPATH\Model.php on line 774.
 1 APPPATH\Controllers\ControllerShop.php(32): CodeIgniter\Model->__call('hasError', [])
 2 SYSTEMPATH\CodeIgniter.php(907): App\Controllers\ControllerShop->shop()
 3 SYSTEMPATH\CodeIgniter.php(457): CodeIgniter\CodeIgniter->runController(Object(App\Controllers\ControllerShop))
 4 SYSTEMPATH\CodeIgniter.php(340): CodeIgniter\CodeIgniter->handleRequest(null, Object(Config\Cache), false)
 5 FCPATH\index.php(67): CodeIgniter\CodeIgniter->run()
 6 SYSTEMPATH\Commands\Server\rewrite.php(43): require_once('FCPATH\\index.php')
CRITICAL - 2022-10-06 22:52:18 --> Call to undefined method App\Models\modelProduct::hasError
in SYSTEMPATH\Model.php on line 774.
 1 APPPATH\Controllers\ControllerShop.php(32): CodeIgniter\Model->__call('hasError', [])
 2 SYSTEMPATH\CodeIgniter.php(907): App\Controllers\ControllerShop->shop()
 3 SYSTEMPATH\CodeIgniter.php(457): CodeIgniter\CodeIgniter->runController(Object(App\Controllers\ControllerShop))
 4 SYSTEMPATH\CodeIgniter.php(340): CodeIgniter\CodeIgniter->handleRequest(null, Object(Config\Cache), false)
 5 FCPATH\index.php(67): CodeIgniter\CodeIgniter->run()
 6 SYSTEMPATH\Commands\Server\rewrite.php(43): require_once('FCPATH\\index.php')
CRITICAL - 2022-10-06 22:53:52 --> Call to undefined method App\Models\modelProduct::hasError
in SYSTEMPATH\Model.php on line 774.
 1 APPPATH\Controllers\ControllerShop.php(32): CodeIgniter\Model->__call('hasError', [])
 2 SYSTEMPATH\CodeIgniter.php(907): App\Controllers\ControllerShop->shop()
 3 SYSTEMPATH\CodeIgniter.php(457): CodeIgniter\CodeIgniter->runController(Object(App\Controllers\ControllerShop))
 4 SYSTEMPATH\CodeIgniter.php(340): CodeIgniter\CodeIgniter->handleRequest(null, Object(Config\Cache), false)
 5 FCPATH\index.php(67): CodeIgniter\CodeIgniter->run()
 6 SYSTEMPATH\Commands\Server\rewrite.php(43): require_once('FCPATH\\index.php')
CRITICAL - 2022-10-06 22:55:37 --> Call to undefined method App\Models\modelProduct::hasError
in SYSTEMPATH\Model.php on line 774.
 1 APPPATH\Controllers\ControllerShop.php(32): CodeIgniter\Model->__call('hasError', [])
 2 SYSTEMPATH\CodeIgniter.php(907): App\Controllers\ControllerShop->shop()
 3 SYSTEMPATH\CodeIgniter.php(457): CodeIgniter\CodeIgniter->runController(Object(App\Controllers\ControllerShop))
 4 SYSTEMPATH\CodeIgniter.php(340): CodeIgniter\CodeIgniter->handleRequest(null, Object(Config\Cache), false)
 5 FCPATH\index.php(67): CodeIgniter\CodeIgniter->run()
 6 SYSTEMPATH\Commands\Server\rewrite.php(43): require_once('FCPATH\\index.php')
CRITICAL - 2022-10-06 22:58:34 --> There is no data to update.
in SYSTEMPATH\BaseModel.php on line 846.
 1 SYSTEMPATH\BaseModel.php(846): CodeIgniter\Database\Exceptions\DataException::forEmptyDataset('update')
 2 SYSTEMPATH\Model.php(693): CodeIgniter\BaseModel->update([...], [])
 3 APPPATH\Controllers\ControllerShop.php(36): CodeIgniter\Model->update('1', [...])
 4 SYSTEMPATH\CodeIgniter.php(907): App\Controllers\ControllerShop->shop()
 5 SYSTEMPATH\CodeIgniter.php(457): CodeIgniter\CodeIgniter->runController(Object(App\Controllers\ControllerShop))
 6 SYSTEMPATH\CodeIgniter.php(340): CodeIgniter\CodeIgniter->handleRequest(null, Object(Config\Cache), false)
 7 FCPATH\index.php(67): CodeIgniter\CodeIgniter->run()
 8 SYSTEMPATH\Commands\Server\rewrite.php(43): require_once('FCPATH\\index.php')
CRITICAL - 2022-10-06 23:01:38 --> There is no data to update.
in SYSTEMPATH\BaseModel.php on line 846.
 1 SYSTEMPATH\BaseModel.php(846): CodeIgniter\Database\Exceptions\DataException::forEmptyDataset('update')
 2 SYSTEMPATH\Model.php(693): CodeIgniter\BaseModel->update([...], [])
 3 APPPATH\Controllers\ControllerShop.php(37): CodeIgniter\Model->update('1', [...])
 4 SYSTEMPATH\CodeIgniter.php(907): App\Controllers\ControllerShop->shop()
 5 SYSTEMPATH\CodeIgniter.php(457): CodeIgniter\CodeIgniter->runController(Object(App\Controllers\ControllerShop))
 6 SYSTEMPATH\CodeIgniter.php(340): CodeIgniter\CodeIgniter->handleRequest(null, Object(Config\Cache), false)
 7 FCPATH\index.php(67): CodeIgniter\CodeIgniter->run()
 8 SYSTEMPATH\Commands\Server\rewrite.php(43): require_once('FCPATH\\index.php')
CRITICAL - 2022-10-06 23:03:03 --> There is no data to update.
in SYSTEMPATH\BaseModel.php on line 846.
 1 SYSTEMPATH\BaseModel.php(846): CodeIgniter\Database\Exceptions\DataException::forEmptyDataset('update')
 2 SYSTEMPATH\Model.php(693): CodeIgniter\BaseModel->update([...], [])
 3 APPPATH\Controllers\ControllerShop.php(37): CodeIgniter\Model->update('1', [...])
 4 SYSTEMPATH\CodeIgniter.php(907): App\Controllers\ControllerShop->shop()
 5 SYSTEMPATH\CodeIgniter.php(457): CodeIgniter\CodeIgniter->runController(Object(App\Controllers\ControllerShop))
 6 SYSTEMPATH\CodeIgniter.php(340): CodeIgniter\CodeIgniter->handleRequest(null, Object(Config\Cache), false)
 7 FCPATH\index.php(67): CodeIgniter\CodeIgniter->run()
 8 SYSTEMPATH\Commands\Server\rewrite.php(43): require_once('FCPATH\\index.php')
CRITICAL - 2022-10-06 23:03:25 --> There is no data to update.
in SYSTEMPATH\BaseModel.php on line 846.
 1 SYSTEMPATH\BaseModel.php(846): CodeIgniter\Database\Exceptions\DataException::forEmptyDataset('update')
 2 SYSTEMPATH\Model.php(693): CodeIgniter\BaseModel->update([...], [])
 3 APPPATH\Controllers\ControllerShop.php(37): CodeIgniter\Model->update('1', [...])
 4 SYSTEMPATH\CodeIgniter.php(907): App\Controllers\ControllerShop->shop()
 5 SYSTEMPATH\CodeIgniter.php(457): CodeIgniter\CodeIgniter->runController(Object(App\Controllers\ControllerShop))
 6 SYSTEMPATH\CodeIgniter.php(340): CodeIgniter\CodeIgniter->handleRequest(null, Object(Config\Cache), false)
 7 FCPATH\index.php(67): CodeIgniter\CodeIgniter->run()
 8 SYSTEMPATH\Commands\Server\rewrite.php(43): require_once('FCPATH\\index.php')
CRITICAL - 2022-10-06 23:03:54 --> Array to string conversion
in APPPATH\Controllers\ControllerShop.php on line 32.
 1 APPPATH\Controllers\ControllerShop.php(32): CodeIgniter\Debug\Exceptions->errorHandler(2, 'Array to string conversion', 'APPPATH\\Controllers\\ControllerShop.php', 32)
 2 SYSTEMPATH\CodeIgniter.php(907): App\Controllers\ControllerShop->shop()
 3 SYSTEMPATH\CodeIgniter.php(457): CodeIgniter\CodeIgniter->runController(Object(App\Controllers\ControllerShop))
 4 SYSTEMPATH\CodeIgniter.php(340): CodeIgniter\CodeIgniter->handleRequest(null, Object(Config\Cache), false)
 5 FCPATH\index.php(67): CodeIgniter\CodeIgniter->run()
 6 SYSTEMPATH\Commands\Server\rewrite.php(43): require_once('FCPATH\\index.php')
CRITICAL - 2022-10-06 23:04:18 --> Undefined variable $product
in APPPATH\Views\content\viewShop.php on line 86.
 1 APPPATH\Views\content\viewShop.php(86): CodeIgniter\Debug\Exceptions->errorHandler(2, 'Undefined variable $product', 'APPPATH\\Views\\content\\viewShop.php', 86)
 2 SYSTEMPATH\View\View.php(213): include('APPPATH\\Views\\content\\viewShop.php')
 3 SYSTEMPATH\View\View.php(216): CodeIgniter\View\View->CodeIgniter\View\{closure}()
 4 SYSTEMPATH\Common.php(1142): CodeIgniter\View\View->render('content/viewShop', [], true)
 5 APPPATH\Controllers\ControllerShop.php(31): view('content/viewShop', [...])
 6 SYSTEMPATH\CodeIgniter.php(907): App\Controllers\ControllerShop->shop()
 7 SYSTEMPATH\CodeIgniter.php(457): CodeIgniter\CodeIgniter->runController(Object(App\Controllers\ControllerShop))
 8 SYSTEMPATH\CodeIgniter.php(340): CodeIgniter\CodeIgniter->handleRequest(null, Object(Config\Cache), false)
 9 FCPATH\index.php(67): CodeIgniter\CodeIgniter->run()
10 SYSTEMPATH\Commands\Server\rewrite.php(43): require_once('FCPATH\\index.php')
CRITICAL - 2022-10-06 23:05:48 --> Array to string conversion
in APPPATH\Controllers\ControllerShop.php on line 31.
 1 APPPATH\Controllers\ControllerShop.php(31): CodeIgniter\Debug\Exceptions->errorHandler(2, 'Array to string conversion', 'APPPATH\\Controllers\\ControllerShop.php', 31)
 2 SYSTEMPATH\CodeIgniter.php(907): App\Controllers\ControllerShop->shop()
 3 SYSTEMPATH\CodeIgniter.php(457): CodeIgniter\CodeIgniter->runController(Object(App\Controllers\ControllerShop))
 4 SYSTEMPATH\CodeIgniter.php(340): CodeIgniter\CodeIgniter->handleRequest(null, Object(Config\Cache), false)
 5 FCPATH\index.php(67): CodeIgniter\CodeIgniter->run()
 6 SYSTEMPATH\Commands\Server\rewrite.php(43): require_once('FCPATH\\index.php')
CRITICAL - 2022-10-06 23:08:10 --> Array to string conversion
in APPPATH\Controllers\ControllerShop.php on line 32.
 1 APPPATH\Controllers\ControllerShop.php(32): CodeIgniter\Debug\Exceptions->errorHandler(2, 'Array to string conversion', 'APPPATH\\Controllers\\ControllerShop.php', 32)
 2 SYSTEMPATH\CodeIgniter.php(907): App\Controllers\ControllerShop->shop()
 3 SYSTEMPATH\CodeIgniter.php(457): CodeIgniter\CodeIgniter->runController(Object(App\Controllers\ControllerShop))
 4 SYSTEMPATH\CodeIgniter.php(340): CodeIgniter\CodeIgniter->handleRequest(null, Object(Config\Cache), false)
 5 FCPATH\index.php(67): CodeIgniter\CodeIgniter->run()
 6 SYSTEMPATH\Commands\Server\rewrite.php(43): require_once('FCPATH\\index.php')
CRITICAL - 2022-10-06 23:08:22 --> Array to string conversion
in APPPATH\Controllers\ControllerShop.php on line 32.
 1 APPPATH\Controllers\ControllerShop.php(32): CodeIgniter\Debug\Exceptions->errorHandler(2, 'Array to string conversion', 'APPPATH\\Controllers\\ControllerShop.php', 32)
 2 SYSTEMPATH\CodeIgniter.php(907): App\Controllers\ControllerShop->shop()
 3 SYSTEMPATH\CodeIgniter.php(457): CodeIgniter\CodeIgniter->runController(Object(App\Controllers\ControllerShop))
 4 SYSTEMPATH\CodeIgniter.php(340): CodeIgniter\CodeIgniter->handleRequest(null, Object(Config\Cache), false)
 5 FCPATH\index.php(67): CodeIgniter\CodeIgniter->run()
 6 SYSTEMPATH\Commands\Server\rewrite.php(43): require_once('FCPATH\\index.php')
CRITICAL - 2022-10-06 23:08:28 --> Array to string conversion
in APPPATH\Controllers\ControllerShop.php on line 33.
 1 APPPATH\Controllers\ControllerShop.php(33): CodeIgniter\Debug\Exceptions->errorHandler(2, 'Array to string conversion', 'APPPATH\\Controllers\\ControllerShop.php', 33)
 2 SYSTEMPATH\CodeIgniter.php(907): App\Controllers\ControllerShop->shop()
 3 SYSTEMPATH\CodeIgniter.php(457): CodeIgniter\CodeIgniter->runController(Object(App\Controllers\ControllerShop))
 4 SYSTEMPATH\CodeIgniter.php(340): CodeIgniter\CodeIgniter->handleRequest(null, Object(Config\Cache), false)
 5 FCPATH\index.php(67): CodeIgniter\CodeIgniter->run()
 6 SYSTEMPATH\Commands\Server\rewrite.php(43): require_once('FCPATH\\index.php')
ERROR - 2022-10-06 23:09:13 --> mysqli_sql_exception: Unknown column 'diperbarui' in 'field list' in C:\xampp\htdocs\Fresh-Mart\vendor\codeigniter4\framework\system\Database\MySQLi\Connection.php:292
Stack trace:
#0 C:\xampp\htdocs\Fresh-Mart\vendor\codeigniter4\framework\system\Database\MySQLi\Connection.php(292): mysqli->query('UPDATE `table_p...', 0)
#1 C:\xampp\htdocs\Fresh-Mart\vendor\codeigniter4\framework\system\Database\BaseConnection.php(693): CodeIgniter\Database\MySQLi\Connection->execute('UPDATE `table_p...')
#2 C:\xampp\htdocs\Fresh-Mart\vendor\codeigniter4\framework\system\Database\BaseConnection.php(620): CodeIgniter\Database\BaseConnection->simpleQuery('UPDATE `table_p...')
#3 C:\xampp\htdocs\Fresh-Mart\vendor\codeigniter4\framework\system\Database\BaseBuilder.php(2079): CodeIgniter\Database\BaseConnection->query('UPDATE `table_p...', Array, false)
#4 C:\xampp\htdocs\Fresh-Mart\vendor\codeigniter4\framework\system\Model.php(338): CodeIgniter\Database\BaseBuilder->update()
#5 C:\xampp\htdocs\Fresh-Mart\vendor\codeigniter4\framework\system\BaseModel.php(865): CodeIgniter\Model->doUpdate(Array, Array)
#6 C:\xampp\htdocs\Fresh-Mart\vendor\codeigniter4\framework\system\Model.php(693): CodeIgniter\BaseModel->update(Array, Array)
#7 C:\xampp\htdocs\Fresh-Mart\app\Controllers\ControllerShop.php(36): CodeIgniter\Model->update('1', Array)
#8 C:\xampp\htdocs\Fresh-Mart\vendor\codeigniter4\framework\system\CodeIgniter.php(907): App\Controllers\ControllerShop->shop()
#9 C:\xampp\htdocs\Fresh-Mart\vendor\codeigniter4\framework\system\CodeIgniter.php(457): CodeIgniter\CodeIgniter->runController(Object(App\Controllers\ControllerShop))
#10 C:\xampp\htdocs\Fresh-Mart\vendor\codeigniter4\framework\system\CodeIgniter.php(340): CodeIgniter\CodeIgniter->handleRequest(NULL, Object(Config\Cache), false)
#11 C:\xampp\htdocs\Fresh-Mart\public\index.php(67): CodeIgniter\CodeIgniter->run()
#12 C:\xampp\htdocs\Fresh-Mart\vendor\codeigniter4\framework\system\Commands\Server\rewrite.php(43): require_once('C:\\xampp\\htdocs...')
#13 {main}
CRITICAL - 2022-10-06 23:09:13 --> Undefined variable $product
in APPPATH\Views\content\viewShop.php on line 86.
 1 APPPATH\Views\content\viewShop.php(86): CodeIgniter\Debug\Exceptions->errorHandler(2, 'Undefined variable $product', 'APPPATH\\Views\\content\\viewShop.php', 86)
 2 SYSTEMPATH\View\View.php(213): include('APPPATH\\Views\\content\\viewShop.php')
 3 SYSTEMPATH\View\View.php(216): CodeIgniter\View\View->CodeIgniter\View\{closure}()
 4 SYSTEMPATH\Common.php(1142): CodeIgniter\View\View->render('content/viewShop', [], true)
 5 APPPATH\Controllers\ControllerShop.php(42): view('content/viewShop', [...])
 6 SYSTEMPATH\CodeIgniter.php(907): App\Controllers\ControllerShop->shop()
 7 SYSTEMPATH\CodeIgniter.php(457): CodeIgniter\CodeIgniter->runController(Object(App\Controllers\ControllerShop))
 8 SYSTEMPATH\CodeIgniter.php(340): CodeIgniter\CodeIgniter->handleRequest(null, Object(Config\Cache), false)
 9 FCPATH\index.php(67): CodeIgniter\CodeIgniter->run()
10 SYSTEMPATH\Commands\Server\rewrite.php(43): require_once('FCPATH\\index.php')
ERROR - 2022-10-06 23:09:53 --> mysqli_sql_exception: Unknown column 'diperbarui' in 'field list' in C:\xampp\htdocs\Fresh-Mart\vendor\codeigniter4\framework\system\Database\MySQLi\Connection.php:292
Stack trace:
#0 C:\xampp\htdocs\Fresh-Mart\vendor\codeigniter4\framework\system\Database\MySQLi\Connection.php(292): mysqli->query('UPDATE `table_p...', 0)
#1 C:\xampp\htdocs\Fresh-Mart\vendor\codeigniter4\framework\system\Database\BaseConnection.php(693): CodeIgniter\Database\MySQLi\Connection->execute('UPDATE `table_p...')
#2 C:\xampp\htdocs\Fresh-Mart\vendor\codeigniter4\framework\system\Database\BaseConnection.php(620): CodeIgniter\Database\BaseConnection->simpleQuery('UPDATE `table_p...')
#3 C:\xampp\htdocs\Fresh-Mart\vendor\codeigniter4\framework\system\Database\BaseBuilder.php(2079): CodeIgniter\Database\BaseConnection->query('UPDATE `table_p...', Array, false)
#4 C:\xampp\htdocs\Fresh-Mart\vendor\codeigniter4\framework\system\Model.php(338): CodeIgniter\Database\BaseBuilder->update()
#5 C:\xampp\htdocs\Fresh-Mart\vendor\codeigniter4\framework\system\BaseModel.php(865): CodeIgniter\Model->doUpdate(Array, Array)
#6 C:\xampp\htdocs\Fresh-Mart\vendor\codeigniter4\framework\system\Model.php(693): CodeIgniter\BaseModel->update(Array, Array)
#7 C:\xampp\htdocs\Fresh-Mart\app\Controllers\ControllerShop.php(36): CodeIgniter\Model->update('1', Array)
#8 C:\xampp\htdocs\Fresh-Mart\vendor\codeigniter4\framework\system\CodeIgniter.php(907): App\Controllers\ControllerShop->shop()
#9 C:\xampp\htdocs\Fresh-Mart\vendor\codeigniter4\framework\system\CodeIgniter.php(457): CodeIgniter\CodeIgniter->runController(Object(App\Controllers\ControllerShop))
#10 C:\xampp\htdocs\Fresh-Mart\vendor\codeigniter4\framework\system\CodeIgniter.php(340): CodeIgniter\CodeIgniter->handleRequest(NULL, Object(Config\Cache), false)
#11 C:\xampp\htdocs\Fresh-Mart\public\index.php(67): CodeIgniter\CodeIgniter->run()
#12 C:\xampp\htdocs\Fresh-Mart\vendor\codeigniter4\framework\system\Commands\Server\rewrite.php(43): require_once('C:\\xampp\\htdocs...')
#13 {main}
CRITICAL - 2022-10-06 23:09:53 --> Undefined variable $product
in APPPATH\Views\content\viewShop.php on line 86.
 1 APPPATH\Views\content\viewShop.php(86): CodeIgniter\Debug\Exceptions->errorHandler(2, 'Undefined variable $product', 'APPPATH\\Views\\content\\viewShop.php', 86)
 2 SYSTEMPATH\View\View.php(213): include('APPPATH\\Views\\content\\viewShop.php')
 3 SYSTEMPATH\View\View.php(216): CodeIgniter\View\View->CodeIgniter\View\{closure}()
 4 SYSTEMPATH\Common.php(1142): CodeIgniter\View\View->render('content/viewShop', [], true)
 5 APPPATH\Controllers\ControllerShop.php(43): view('content/viewShop', [...])
 6 SYSTEMPATH\CodeIgniter.php(907): App\Controllers\ControllerShop->shop()
 7 SYSTEMPATH\CodeIgniter.php(457): CodeIgniter\CodeIgniter->runController(Object(App\Controllers\ControllerShop))
 8 SYSTEMPATH\CodeIgniter.php(340): CodeIgniter\CodeIgniter->handleRequest(null, Object(Config\Cache), false)
 9 FCPATH\index.php(67): CodeIgniter\CodeIgniter->run()
10 SYSTEMPATH\Commands\Server\rewrite.php(43): require_once('FCPATH\\index.php')
ERROR - 2022-10-06 23:10:10 --> mysqli_sql_exception: Unknown column 'diperbarui' in 'field list' in C:\xampp\htdocs\Fresh-Mart\vendor\codeigniter4\framework\system\Database\MySQLi\Connection.php:292
Stack trace:
#0 C:\xampp\htdocs\Fresh-Mart\vendor\codeigniter4\framework\system\Database\MySQLi\Connection.php(292): mysqli->query('UPDATE `table_p...', 0)
#1 C:\xampp\htdocs\Fresh-Mart\vendor\codeigniter4\framework\system\Database\BaseConnection.php(693): CodeIgniter\Database\MySQLi\Connection->execute('UPDATE `table_p...')
#2 C:\xampp\htdocs\Fresh-Mart\vendor\codeigniter4\framework\system\Database\BaseConnection.php(620): CodeIgniter\Database\BaseConnection->simpleQuery('UPDATE `table_p...')
#3 C:\xampp\htdocs\Fresh-Mart\vendor\codeigniter4\framework\system\Database\BaseBuilder.php(2079): CodeIgniter\Database\BaseConnection->query('UPDATE `table_p...', Array, false)
#4 C:\xampp\htdocs\Fresh-Mart\vendor\codeigniter4\framework\system\Model.php(338): CodeIgniter\Database\BaseBuilder->update()
#5 C:\xampp\htdocs\Fresh-Mart\vendor\codeigniter4\framework\system\BaseModel.php(865): CodeIgniter\Model->doUpdate(Array, Array)
#6 C:\xampp\htdocs\Fresh-Mart\vendor\codeigniter4\framework\system\Model.php(693): CodeIgniter\BaseModel->update(Array, Array)
#7 C:\xampp\htdocs\Fresh-Mart\app\Controllers\ControllerShop.php(37): CodeIgniter\Model->update('1', Array)
#8 C:\xampp\htdocs\Fresh-Mart\vendor\codeigniter4\framework\system\CodeIgniter.php(907): App\Controllers\ControllerShop->shop()
#9 C:\xampp\htdocs\Fresh-Mart\vendor\codeigniter4\framework\system\CodeIgniter.php(457): CodeIgniter\CodeIgniter->runController(Object(App\Controllers\ControllerShop))
#10 C:\xampp\htdocs\Fresh-Mart\vendor\codeigniter4\framework\system\CodeIgniter.php(340): CodeIgniter\CodeIgniter->handleRequest(NULL, Object(Config\Cache), false)
#11 C:\xampp\htdocs\Fresh-Mart\public\index.php(67): CodeIgniter\CodeIgniter->run()
#12 C:\xampp\htdocs\Fresh-Mart\vendor\codeigniter4\framework\system\Commands\Server\rewrite.php(43): require_once('C:\\xampp\\htdocs...')
#13 {main}
CRITICAL - 2022-10-06 23:10:10 --> Undefined variable $product
in APPPATH\Views\content\viewShop.php on line 86.
 1 APPPATH\Views\content\viewShop.php(86): CodeIgniter\Debug\Exceptions->errorHandler(2, 'Undefined variable $product', 'APPPATH\\Views\\content\\viewShop.php', 86)
 2 SYSTEMPATH\View\View.php(213): include('APPPATH\\Views\\content\\viewShop.php')
 3 SYSTEMPATH\View\View.php(216): CodeIgniter\View\View->CodeIgniter\View\{closure}()
 4 SYSTEMPATH\Common.php(1142): CodeIgniter\View\View->render('content/viewShop', [], true)
 5 APPPATH\Controllers\ControllerShop.php(46): view('content/viewShop', [...])
 6 SYSTEMPATH\CodeIgniter.php(907): App\Controllers\ControllerShop->shop()
 7 SYSTEMPATH\CodeIgniter.php(457): CodeIgniter\CodeIgniter->runController(Object(App\Controllers\ControllerShop))
 8 SYSTEMPATH\CodeIgniter.php(340): CodeIgniter\CodeIgniter->handleRequest(null, Object(Config\Cache), false)
 9 FCPATH\index.php(67): CodeIgniter\CodeIgniter->run()
10 SYSTEMPATH\Commands\Server\rewrite.php(43): require_once('FCPATH\\index.php')
ERROR - 2022-10-06 23:10:50 --> mysqli_sql_exception: Unknown column 'diperbarui' in 'field list' in C:\xampp\htdocs\Fresh-Mart\vendor\codeigniter4\framework\system\Database\MySQLi\Connection.php:292
Stack trace:
#0 C:\xampp\htdocs\Fresh-Mart\vendor\codeigniter4\framework\system\Database\MySQLi\Connection.php(292): mysqli->query('UPDATE `table_p...', 0)
#1 C:\xampp\htdocs\Fresh-Mart\vendor\codeigniter4\framework\system\Database\BaseConnection.php(693): CodeIgniter\Database\MySQLi\Connection->execute('UPDATE `table_p...')
#2 C:\xampp\htdocs\Fresh-Mart\vendor\codeigniter4\framework\system\Database\BaseConnection.php(620): CodeIgniter\Database\BaseConnection->simpleQuery('UPDATE `table_p...')
#3 C:\xampp\htdocs\Fresh-Mart\vendor\codeigniter4\framework\system\Database\BaseBuilder.php(2079): CodeIgniter\Database\BaseConnection->query('UPDATE `table_p...', Array, false)
#4 C:\xampp\htdocs\Fresh-Mart\vendor\codeigniter4\framework\system\Model.php(338): CodeIgniter\Database\BaseBuilder->update()
#5 C:\xampp\htdocs\Fresh-Mart\vendor\codeigniter4\framework\system\BaseModel.php(865): CodeIgniter\Model->doUpdate(Array, Array)
#6 C:\xampp\htdocs\Fresh-Mart\vendor\codeigniter4\framework\system\Model.php(693): CodeIgniter\BaseModel->update(Array, Array)
#7 C:\xampp\htdocs\Fresh-Mart\app\Controllers\ControllerShop.php(37): CodeIgniter\Model->update('2', Array)
#8 C:\xampp\htdocs\Fresh-Mart\vendor\codeigniter4\framework\system\CodeIgniter.php(907): App\Controllers\ControllerShop->shop()
#9 C:\xampp\htdocs\Fresh-Mart\vendor\codeigniter4\framework\system\CodeIgniter.php(457): CodeIgniter\CodeIgniter->runController(Object(App\Controllers\ControllerShop))
#10 C:\xampp\htdocs\Fresh-Mart\vendor\codeigniter4\framework\system\CodeIgniter.php(340): CodeIgniter\CodeIgniter->handleRequest(NULL, Object(Config\Cache), false)
#11 C:\xampp\htdocs\Fresh-Mart\public\index.php(67): CodeIgniter\CodeIgniter->run()
#12 C:\xampp\htdocs\Fresh-Mart\vendor\codeigniter4\framework\system\Commands\Server\rewrite.php(43): require_once('C:\\xampp\\htdocs...')
#13 {main}
CRITICAL - 2022-10-06 23:10:50 --> Undefined variable $product
in APPPATH\Views\content\viewShop.php on line 86.
 1 APPPATH\Views\content\viewShop.php(86): CodeIgniter\Debug\Exceptions->errorHandler(2, 'Undefined variable $product', 'APPPATH\\Views\\content\\viewShop.php', 86)
 2 SYSTEMPATH\View\View.php(213): include('APPPATH\\Views\\content\\viewShop.php')
 3 SYSTEMPATH\View\View.php(216): CodeIgniter\View\View->CodeIgniter\View\{closure}()
 4 SYSTEMPATH\Common.php(1142): CodeIgniter\View\View->render('content/viewShop', [], true)
 5 APPPATH\Controllers\ControllerShop.php(46): view('content/viewShop', [...])
 6 SYSTEMPATH\CodeIgniter.php(907): App\Controllers\ControllerShop->shop()
 7 SYSTEMPATH\CodeIgniter.php(457): CodeIgniter\CodeIgniter->runController(Object(App\Controllers\ControllerShop))
 8 SYSTEMPATH\CodeIgniter.php(340): CodeIgniter\CodeIgniter->handleRequest(null, Object(Config\Cache), false)
 9 FCPATH\index.php(67): CodeIgniter\CodeIgniter->run()
10 SYSTEMPATH\Commands\Server\rewrite.php(43): require_once('FCPATH\\index.php')
ERROR - 2022-10-06 23:11:07 --> mysqli_sql_exception: Unknown column 'diperbarui' in 'field list' in C:\xampp\htdocs\Fresh-Mart\vendor\codeigniter4\framework\system\Database\MySQLi\Connection.php:292
Stack trace:
#0 C:\xampp\htdocs\Fresh-Mart\vendor\codeigniter4\framework\system\Database\MySQLi\Connection.php(292): mysqli->query('UPDATE `table_p...', 0)
#1 C:\xampp\htdocs\Fresh-Mart\vendor\codeigniter4\framework\system\Database\BaseConnection.php(693): CodeIgniter\Database\MySQLi\Connection->execute('UPDATE `table_p...')
#2 C:\xampp\htdocs\Fresh-Mart\vendor\codeigniter4\framework\system\Database\BaseConnection.php(620): CodeIgniter\Database\BaseConnection->simpleQuery('UPDATE `table_p...')
#3 C:\xampp\htdocs\Fresh-Mart\vendor\codeigniter4\framework\system\Database\BaseBuilder.php(2079): CodeIgniter\Database\BaseConnection->query('UPDATE `table_p...', Array, false)
#4 C:\xampp\htdocs\Fresh-Mart\vendor\codeigniter4\framework\system\Model.php(338): CodeIgniter\Database\BaseBuilder->update()
#5 C:\xampp\htdocs\Fresh-Mart\vendor\codeigniter4\framework\system\BaseModel.php(865): CodeIgniter\Model->doUpdate(Array, Array)
#6 C:\xampp\htdocs\Fresh-Mart\vendor\codeigniter4\framework\system\Model.php(693): CodeIgniter\BaseModel->update(Array, Array)
#7 C:\xampp\htdocs\Fresh-Mart\app\Controllers\ControllerShop.php(37): CodeIgniter\Model->update('2', Array)
#8 C:\xampp\htdocs\Fresh-Mart\vendor\codeigniter4\framework\system\CodeIgniter.php(907): App\Controllers\ControllerShop->shop()
#9 C:\xampp\htdocs\Fresh-Mart\vendor\codeigniter4\framework\system\CodeIgniter.php(457): CodeIgniter\CodeIgniter->runController(Object(App\Controllers\ControllerShop))
#10 C:\xampp\htdocs\Fresh-Mart\vendor\codeigniter4\framework\system\CodeIgniter.php(340): CodeIgniter\CodeIgniter->handleRequest(NULL, Object(Config\Cache), false)
#11 C:\xampp\htdocs\Fresh-Mart\public\index.php(67): CodeIgniter\CodeIgniter->run()
#12 C:\xampp\htdocs\Fresh-Mart\vendor\codeigniter4\framework\system\Commands\Server\rewrite.php(43): require_once('C:\\xampp\\htdocs...')
#13 {main}
CRITICAL - 2022-10-06 23:11:07 --> Undefined variable $product
in APPPATH\Views\content\viewShop.php on line 86.
 1 APPPATH\Views\content\viewShop.php(86): CodeIgniter\Debug\Exceptions->errorHandler(2, 'Undefined variable $product', 'APPPATH\\Views\\content\\viewShop.php', 86)
 2 SYSTEMPATH\View\View.php(213): include('APPPATH\\Views\\content\\viewShop.php')
 3 SYSTEMPATH\View\View.php(216): CodeIgniter\View\View->CodeIgniter\View\{closure}()
 4 SYSTEMPATH\Common.php(1142): CodeIgniter\View\View->render('content/viewShop', [], true)
 5 APPPATH\Controllers\ControllerShop.php(46): view('content/viewShop', [...])
 6 SYSTEMPATH\CodeIgniter.php(907): App\Controllers\ControllerShop->shop()
 7 SYSTEMPATH\CodeIgniter.php(457): CodeIgniter\CodeIgniter->runController(Object(App\Controllers\ControllerShop))
 8 SYSTEMPATH\CodeIgniter.php(340): CodeIgniter\CodeIgniter->handleRequest(null, Object(Config\Cache), false)
 9 FCPATH\index.php(67): CodeIgniter\CodeIgniter->run()
10 SYSTEMPATH\Commands\Server\rewrite.php(43): require_once('FCPATH\\index.php')
ERROR - 2022-10-06 23:12:48 --> mysqli_sql_exception: Unknown column 'diperbarui' in 'field list' in C:\xampp\htdocs\Fresh-Mart\vendor\codeigniter4\framework\system\Database\MySQLi\Connection.php:292
Stack trace:
#0 C:\xampp\htdocs\Fresh-Mart\vendor\codeigniter4\framework\system\Database\MySQLi\Connection.php(292): mysqli->query('UPDATE `table_p...', 0)
#1 C:\xampp\htdocs\Fresh-Mart\vendor\codeigniter4\framework\system\Database\BaseConnection.php(693): CodeIgniter\Database\MySQLi\Connection->execute('UPDATE `table_p...')
#2 C:\xampp\htdocs\Fresh-Mart\vendor\codeigniter4\framework\system\Database\BaseConnection.php(620): CodeIgniter\Database\BaseConnection->simpleQuery('UPDATE `table_p...')
#3 C:\xampp\htdocs\Fresh-Mart\vendor\codeigniter4\framework\system\Database\BaseBuilder.php(2079): CodeIgniter\Database\BaseConnection->query('UPDATE `table_p...', Array, false)
#4 C:\xampp\htdocs\Fresh-Mart\vendor\codeigniter4\framework\system\Model.php(338): CodeIgniter\Database\BaseBuilder->update()
#5 C:\xampp\htdocs\Fresh-Mart\vendor\codeigniter4\framework\system\BaseModel.php(865): CodeIgniter\Model->doUpdate(Array, Array)
#6 C:\xampp\htdocs\Fresh-Mart\vendor\codeigniter4\framework\system\Model.php(693): CodeIgniter\BaseModel->update(Array, Array)
#7 C:\xampp\htdocs\Fresh-Mart\app\Controllers\ControllerShop.php(36): CodeIgniter\Model->update('1', Array)
#8 C:\xampp\htdocs\Fresh-Mart\vendor\codeigniter4\framework\system\CodeIgniter.php(907): App\Controllers\ControllerShop->shop()
#9 C:\xampp\htdocs\Fresh-Mart\vendor\codeigniter4\framework\system\CodeIgniter.php(457): CodeIgniter\CodeIgniter->runController(Object(App\Controllers\ControllerShop))
#10 C:\xampp\htdocs\Fresh-Mart\vendor\codeigniter4\framework\system\CodeIgniter.php(340): CodeIgniter\CodeIgniter->handleRequest(NULL, Object(Config\Cache), false)
#11 C:\xampp\htdocs\Fresh-Mart\public\index.php(67): CodeIgniter\CodeIgniter->run()
#12 C:\xampp\htdocs\Fresh-Mart\vendor\codeigniter4\framework\system\Commands\Server\rewrite.php(43): require_once('C:\\xampp\\htdocs...')
#13 {main}
CRITICAL - 2022-10-06 23:17:01 --> Undefined array key "title"
in APPPATH\Controllers\ControllerShop.php on line 31.
 1 APPPATH\Controllers\ControllerShop.php(31): CodeIgniter\Debug\Exceptions->errorHandler(2, 'Undefined array key "title"', 'APPPATH\\Controllers\\ControllerShop.php', 31)
 2 SYSTEMPATH\CodeIgniter.php(907): App\Controllers\ControllerShop->shop()
 3 SYSTEMPATH\CodeIgniter.php(457): CodeIgniter\CodeIgniter->runController(Object(App\Controllers\ControllerShop))
 4 SYSTEMPATH\CodeIgniter.php(340): CodeIgniter\CodeIgniter->handleRequest(null, Object(Config\Cache), false)
 5 FCPATH\index.php(67): CodeIgniter\CodeIgniter->run()
 6 SYSTEMPATH\Commands\Server\rewrite.php(43): require_once('FCPATH\\index.php')
