CRITICAL - 2022-10-12 07:51:50 --> Undefined array key 1
in APPPATH\Controllers\ControllerShop.php on line 13.
 1 APPPATH\Controllers\ControllerShop.php(13): CodeIgniter\Debug\Exceptions->errorHandler(2, 'Undefined array key 1', 'APPPATH\\Controllers\\ControllerShop.php', 13)
 2 SYSTEMPATH\CodeIgniter.php(907): App\Controllers\ControllerShop->dashboard()
 3 SYSTEMPATH\CodeIgniter.php(457): CodeIgniter\CodeIgniter->runController(Object(App\Controllers\ControllerShop))
 4 SYSTEMPATH\CodeIgniter.php(340): CodeIgniter\CodeIgniter->handleRequest(null, Object(Config\Cache), false)
 5 FCPATH\index.php(67): CodeIgniter\CodeIgniter->run()
 6 SYSTEMPATH\Commands\Server\rewrite.php(43): require_once('FCPATH\\index.php')
CRITICAL - 2022-10-12 07:52:19 --> Undefined array key 1
in APPPATH\Controllers\ControllerShop.php on line 13.
 1 APPPATH\Controllers\ControllerShop.php(13): CodeIgniter\Debug\Exceptions->errorHandler(2, 'Undefined array key 1', 'APPPATH\\Controllers\\ControllerShop.php', 13)
 2 SYSTEMPATH\CodeIgniter.php(907): App\Controllers\ControllerShop->dashboard()
 3 SYSTEMPATH\CodeIgniter.php(457): CodeIgniter\CodeIgniter->runController(Object(App\Controllers\ControllerShop))
 4 SYSTEMPATH\CodeIgniter.php(340): CodeIgniter\CodeIgniter->handleRequest(null, Object(Config\Cache), false)
 5 FCPATH\index.php(67): CodeIgniter\CodeIgniter->run()
 6 SYSTEMPATH\Commands\Server\rewrite.php(43): require_once('FCPATH\\index.php')
CRITICAL - 2022-10-12 07:54:50 --> Undefined array key 1
in APPPATH\Controllers\ControllerShop.php on line 13.
 1 APPPATH\Controllers\ControllerShop.php(13): CodeIgniter\Debug\Exceptions->errorHandler(2, 'Undefined array key 1', 'APPPATH\\Controllers\\ControllerShop.php', 13)
 2 SYSTEMPATH\CodeIgniter.php(907): App\Controllers\ControllerShop->dashboard()
 3 SYSTEMPATH\CodeIgniter.php(457): CodeIgniter\CodeIgniter->runController(Object(App\Controllers\ControllerShop))
 4 SYSTEMPATH\CodeIgniter.php(340): CodeIgniter\CodeIgniter->handleRequest(null, Object(Config\Cache), false)
 5 FCPATH\index.php(67): CodeIgniter\CodeIgniter->run()
 6 SYSTEMPATH\Commands\Server\rewrite.php(43): require_once('FCPATH\\index.php')
CRITICAL - 2022-10-12 08:03:49 --> Undefined array key 2
in APPPATH\Controllers\ControllerShop.php on line 13.
 1 APPPATH\Controllers\ControllerShop.php(13): CodeIgniter\Debug\Exceptions->errorHandler(2, 'Undefined array key 2', 'APPPATH\\Controllers\\ControllerShop.php', 13)
 2 SYSTEMPATH\CodeIgniter.php(907): App\Controllers\ControllerShop->dashboard()
 3 SYSTEMPATH\CodeIgniter.php(457): CodeIgniter\CodeIgniter->runController(Object(App\Controllers\ControllerShop))
 4 SYSTEMPATH\CodeIgniter.php(340): CodeIgniter\CodeIgniter->handleRequest(null, Object(Config\Cache), false)
 5 FCPATH\index.php(67): CodeIgniter\CodeIgniter->run()
 6 SYSTEMPATH\Commands\Server\rewrite.php(43): require_once('FCPATH\\index.php')
CRITICAL - 2022-10-12 08:34:51 --> Trying to access array offset on value of type int
in APPPATH\Views\content\viewDashboard.php on line 39.
 1 APPPATH\Views\content\viewDashboard.php(39): CodeIgniter\Debug\Exceptions->errorHandler(2, 'Trying to access array offset on value of type int', 'APPPATH\\Views\\content\\viewDashboard.php', 39)
 2 SYSTEMPATH\View\View.php(213): include('APPPATH\\Views\\content\\viewDashboard.php')
 3 SYSTEMPATH\View\View.php(216): CodeIgniter\View\View->CodeIgniter\View\{closure}()
 4 SYSTEMPATH\Common.php(1142): CodeIgniter\View\View->render('content/viewDashboard', [], true)
 5 APPPATH\Controllers\ControllerShop.php(30): view('content/viewDashboard', [...])
 6 SYSTEMPATH\CodeIgniter.php(907): App\Controllers\ControllerShop->dashboard()
 7 SYSTEMPATH\CodeIgniter.php(457): CodeIgniter\CodeIgniter->runController(Object(App\Controllers\ControllerShop))
 8 SYSTEMPATH\CodeIgniter.php(340): CodeIgniter\CodeIgniter->handleRequest(null, Object(Config\Cache), false)
 9 FCPATH\index.php(67): CodeIgniter\CodeIgniter->run()
10 SYSTEMPATH\Commands\Server\rewrite.php(43): require_once('FCPATH\\index.php')
CRITICAL - 2022-10-12 08:35:51 --> Trying to access array offset on value of type int
in APPPATH\Views\content\viewDashboard.php on line 39.
 1 APPPATH\Views\content\viewDashboard.php(39): CodeIgniter\Debug\Exceptions->errorHandler(2, 'Trying to access array offset on value of type int', 'APPPATH\\Views\\content\\viewDashboard.php', 39)
 2 SYSTEMPATH\View\View.php(213): include('APPPATH\\Views\\content\\viewDashboard.php')
 3 SYSTEMPATH\View\View.php(216): CodeIgniter\View\View->CodeIgniter\View\{closure}()
 4 SYSTEMPATH\Common.php(1142): CodeIgniter\View\View->render('content/viewDashboard', [], true)
 5 APPPATH\Controllers\ControllerShop.php(30): view('content/viewDashboard', [...])
 6 SYSTEMPATH\CodeIgniter.php(907): App\Controllers\ControllerShop->dashboard()
 7 SYSTEMPATH\CodeIgniter.php(457): CodeIgniter\CodeIgniter->runController(Object(App\Controllers\ControllerShop))
 8 SYSTEMPATH\CodeIgniter.php(340): CodeIgniter\CodeIgniter->handleRequest(null, Object(Config\Cache), false)
 9 FCPATH\index.php(67): CodeIgniter\CodeIgniter->run()
10 SYSTEMPATH\Commands\Server\rewrite.php(43): require_once('FCPATH\\index.php')
CRITICAL - 2022-10-12 08:42:24 --> Trying to access array offset on value of type int
in APPPATH\Views\content\viewDashboard.php on line 39.
 1 APPPATH\Views\content\viewDashboard.php(39): CodeIgniter\Debug\Exceptions->errorHandler(2, 'Trying to access array offset on value of type int', 'APPPATH\\Views\\content\\viewDashboard.php', 39)
 2 SYSTEMPATH\View\View.php(213): include('APPPATH\\Views\\content\\viewDashboard.php')
 3 SYSTEMPATH\View\View.php(216): CodeIgniter\View\View->CodeIgniter\View\{closure}()
 4 SYSTEMPATH\Common.php(1142): CodeIgniter\View\View->render('content/viewDashboard', [], true)
 5 APPPATH\Controllers\ControllerShop.php(30): view('content/viewDashboard', [...])
 6 SYSTEMPATH\CodeIgniter.php(907): App\Controllers\ControllerShop->dashboard()
 7 SYSTEMPATH\CodeIgniter.php(457): CodeIgniter\CodeIgniter->runController(Object(App\Controllers\ControllerShop))
 8 SYSTEMPATH\CodeIgniter.php(340): CodeIgniter\CodeIgniter->handleRequest(null, Object(Config\Cache), false)
 9 FCPATH\index.php(67): CodeIgniter\CodeIgniter->run()
10 SYSTEMPATH\Commands\Server\rewrite.php(43): require_once('FCPATH\\index.php')
CRITICAL - 2022-10-12 08:43:12 --> Undefined array key 0
in APPPATH\Controllers\ControllerShop.php on line 16.
 1 APPPATH\Controllers\ControllerShop.php(16): CodeIgniter\Debug\Exceptions->errorHandler(2, 'Undefined array key 0', 'APPPATH\\Controllers\\ControllerShop.php', 16)
 2 SYSTEMPATH\CodeIgniter.php(907): App\Controllers\ControllerShop->dashboard()
 3 SYSTEMPATH\CodeIgniter.php(457): CodeIgniter\CodeIgniter->runController(Object(App\Controllers\ControllerShop))
 4 SYSTEMPATH\CodeIgniter.php(340): CodeIgniter\CodeIgniter->handleRequest(null, Object(Config\Cache), false)
 5 FCPATH\index.php(67): CodeIgniter\CodeIgniter->run()
 6 SYSTEMPATH\Commands\Server\rewrite.php(43): require_once('FCPATH\\index.php')
CRITICAL - 2022-10-12 08:57:52 --> Undefined array key 3
in APPPATH\Controllers\ControllerShop.php on line 27.
 1 APPPATH\Controllers\ControllerShop.php(27): CodeIgniter\Debug\Exceptions->errorHandler(2, 'Undefined array key 3', 'APPPATH\\Controllers\\ControllerShop.php', 27)
 2 SYSTEMPATH\CodeIgniter.php(907): App\Controllers\ControllerShop->dashboard()
 3 SYSTEMPATH\CodeIgniter.php(457): CodeIgniter\CodeIgniter->runController(Object(App\Controllers\ControllerShop))
 4 SYSTEMPATH\CodeIgniter.php(340): CodeIgniter\CodeIgniter->handleRequest(null, Object(Config\Cache), false)
 5 FCPATH\index.php(67): CodeIgniter\CodeIgniter->run()
 6 SYSTEMPATH\Commands\Server\rewrite.php(43): require_once('FCPATH\\index.php')
CRITICAL - 2022-10-12 08:59:24 --> Maximum execution time of 60 seconds exceeded
in APPPATH\Controllers\ControllerShop.php on line 27.
 1 [internal function]: CodeIgniter\Debug\Exceptions->shutdownHandler()
CRITICAL - 2022-10-12 08:59:25 --> Undefined array key 3
in APPPATH\Controllers\ControllerShop.php on line 18.
 1 APPPATH\Controllers\ControllerShop.php(18): CodeIgniter\Debug\Exceptions->errorHandler(2, 'Undefined array key 3', 'APPPATH\\Controllers\\ControllerShop.php', 18)
 2 SYSTEMPATH\CodeIgniter.php(907): App\Controllers\ControllerShop->dashboard()
 3 SYSTEMPATH\CodeIgniter.php(457): CodeIgniter\CodeIgniter->runController(Object(App\Controllers\ControllerShop))
 4 SYSTEMPATH\CodeIgniter.php(340): CodeIgniter\CodeIgniter->handleRequest(null, Object(Config\Cache), false)
 5 FCPATH\index.php(67): CodeIgniter\CodeIgniter->run()
 6 SYSTEMPATH\Commands\Server\rewrite.php(43): require_once('FCPATH\\index.php')
CRITICAL - 2022-10-12 09:00:39 --> Maximum execution time of 60 seconds exceeded
in APPPATH\Controllers\ControllerShop.php on line 27.
 1 [internal function]: CodeIgniter\Debug\Exceptions->shutdownHandler()
CRITICAL - 2022-10-12 09:01:49 --> Maximum execution time of 60 seconds exceeded
in APPPATH\Controllers\ControllerShop.php on line 26.
 1 [internal function]: CodeIgniter\Debug\Exceptions->shutdownHandler()
CRITICAL - 2022-10-12 09:23:29 --> Array callback must have exactly two elements
in APPPATH\Views\content\viewDashboard.php on line 105.
 1 SYSTEMPATH\View\View.php(213): include()
 2 SYSTEMPATH\View\View.php(216): CodeIgniter\View\View->CodeIgniter\View\{closure}()
 3 SYSTEMPATH\Common.php(1142): CodeIgniter\View\View->render('content/viewDashboard', [], true)
 4 APPPATH\Controllers\ControllerShop.php(48): view('content/viewDashboard', [...])
 5 SYSTEMPATH\CodeIgniter.php(907): App\Controllers\ControllerShop->dashboard()
 6 SYSTEMPATH\CodeIgniter.php(457): CodeIgniter\CodeIgniter->runController(Object(App\Controllers\ControllerShop))
 7 SYSTEMPATH\CodeIgniter.php(340): CodeIgniter\CodeIgniter->handleRequest(null, Object(Config\Cache), false)
 8 FCPATH\index.php(67): CodeIgniter\CodeIgniter->run()
 9 SYSTEMPATH\Commands\Server\rewrite.php(43): require_once('FCPATH\\index.php')
CRITICAL - 2022-10-12 09:24:33 --> Undefined array key 3
in APPPATH\Controllers\ControllerShop.php on line 18.
 1 APPPATH\Controllers\ControllerShop.php(18): CodeIgniter\Debug\Exceptions->errorHandler(2, 'Undefined array key 3', 'APPPATH\\Controllers\\ControllerShop.php', 18)
 2 SYSTEMPATH\CodeIgniter.php(907): App\Controllers\ControllerShop->dashboard()
 3 SYSTEMPATH\CodeIgniter.php(457): CodeIgniter\CodeIgniter->runController(Object(App\Controllers\ControllerShop))
 4 SYSTEMPATH\CodeIgniter.php(340): CodeIgniter\CodeIgniter->handleRequest(null, Object(Config\Cache), false)
 5 FCPATH\index.php(67): CodeIgniter\CodeIgniter->run()
 6 SYSTEMPATH\Commands\Server\rewrite.php(43): require_once('FCPATH\\index.php')
