CRITICAL - 2022-10-15 00:50:42 --> Undefined variable $listBannerProduct
in APPPATH\Views\content\viewDashboard.php on line 25.
 1 APPPATH\Views\content\viewDashboard.php(25): CodeIgniter\Debug\Exceptions->errorHandler(2, 'Undefined variable $listBannerProduct', 'APPPATH\\Views\\content\\viewDashboard.php', 25)
 2 SYSTEMPATH\View\View.php(213): include('APPPATH\\Views\\content\\viewDashboard.php')
 3 SYSTEMPATH\View\View.php(216): CodeIgniter\View\View->CodeIgniter\View\{closure}()
 4 SYSTEMPATH\Common.php(1142): CodeIgniter\View\View->render('content/viewDashboard', [], true)
 5 APPPATH\Controllers\ControllerAccount.php(54): view('content/viewDashboard', [...])
 6 SYSTEMPATH\CodeIgniter.php(907): App\Controllers\ControllerAccount->signingIn()
 7 SYSTEMPATH\CodeIgniter.php(457): CodeIgniter\CodeIgniter->runController(Object(App\Controllers\ControllerAccount))
 8 SYSTEMPATH\CodeIgniter.php(340): CodeIgniter\CodeIgniter->handleRequest(null, Object(Config\Cache), false)
 9 FCPATH\index.php(67): CodeIgniter\CodeIgniter->run()
10 SYSTEMPATH\Commands\Server\rewrite.php(43): require_once('FCPATH\\index.php')
CRITICAL - 2022-10-15 00:52:50 --> session_start(): Ignoring session_start() because a session is already active
in APPPATH\Views\layout\template.php on line 30.
 1 [internal function]: CodeIgniter\Debug\Exceptions->errorHandler(8, 'session_start(): Ignoring session_start() because a session is already active', 'APPPATH\\Views\\layout\\template.php', 30)
 2 APPPATH\Views\layout\template.php(30): session_start()
 3 SYSTEMPATH\View\View.php(213): include('APPPATH\\Views\\layout\\template.php')
 4 SYSTEMPATH\View\View.php(216): CodeIgniter\View\View->CodeIgniter\View\{closure}()
 5 SYSTEMPATH\View\View.php(229): CodeIgniter\View\View->render('layout/template', [], true)
 6 SYSTEMPATH\Common.php(1142): CodeIgniter\View\View->render('content/viewDashboard', [], true)
 7 APPPATH\Controllers\ControllerShop.php(28): view('content/viewDashboard', [...])
 8 APPPATH\Controllers\ControllerAccount.php(53): App\Controllers\ControllerShop->dashboard()
 9 SYSTEMPATH\CodeIgniter.php(907): App\Controllers\ControllerAccount->signingIn()
10 SYSTEMPATH\CodeIgniter.php(457): CodeIgniter\CodeIgniter->runController(Object(App\Controllers\ControllerAccount))
11 SYSTEMPATH\CodeIgniter.php(340): CodeIgniter\CodeIgniter->handleRequest(null, Object(Config\Cache), false)
12 FCPATH\index.php(67): CodeIgniter\CodeIgniter->run()
13 SYSTEMPATH\Commands\Server\rewrite.php(43): require_once('FCPATH\\index.php')
CRITICAL - 2022-10-15 01:54:58 --> session_destroy(): Trying to destroy uninitialized session
in APPPATH\Controllers\ControllerAccount.php on line 24.
 1 [internal function]: CodeIgniter\Debug\Exceptions->errorHandler(2, 'session_destroy(): Trying to destroy uninitialized session', 'APPPATH\\Controllers\\ControllerAccount.php', 24)
 2 APPPATH\Controllers\ControllerAccount.php(24): session_destroy()
 3 SYSTEMPATH\CodeIgniter.php(907): App\Controllers\ControllerAccount->signIn()
 4 SYSTEMPATH\CodeIgniter.php(457): CodeIgniter\CodeIgniter->runController(Object(App\Controllers\ControllerAccount))
 5 SYSTEMPATH\CodeIgniter.php(340): CodeIgniter\CodeIgniter->handleRequest(null, Object(Config\Cache), false)
 6 FCPATH\index.php(67): CodeIgniter\CodeIgniter->run()
 7 SYSTEMPATH\Commands\Server\rewrite.php(43): require_once('FCPATH\\index.php')
CRITICAL - 2022-10-15 08:27:41 --> syntax error, unexpected token ";", expecting variable or "{" or "$"
in APPPATH\Views\content\viewCart.php on line 8.
 1 SYSTEMPATH\View\View.php(216): CodeIgniter\View\View->CodeIgniter\View\{closure}()
 2 SYSTEMPATH\Common.php(1142): CodeIgniter\View\View->render('content/viewCart', [], true)
 3 APPPATH\Controllers\ControllerShop.php(64): view('content/viewCart', [...])
 4 SYSTEMPATH\CodeIgniter.php(907): App\Controllers\ControllerShop->cart()
 5 SYSTEMPATH\CodeIgniter.php(457): CodeIgniter\CodeIgniter->runController(Object(App\Controllers\ControllerShop))
 6 SYSTEMPATH\CodeIgniter.php(340): CodeIgniter\CodeIgniter->handleRequest(null, Object(Config\Cache), false)
 7 FCPATH\index.php(67): CodeIgniter\CodeIgniter->run()
 8 SYSTEMPATH\Commands\Server\rewrite.php(43): require_once('FCPATH\\index.php')
CRITICAL - 2022-10-15 08:28:04 --> count(): Argument #1 ($value) must be of type Countable|array, null given
in APPPATH\Views\layout\template.php on line 109.
 1 SYSTEMPATH\View\View.php(213): include()
 2 SYSTEMPATH\View\View.php(216): CodeIgniter\View\View->CodeIgniter\View\{closure}()
 3 SYSTEMPATH\View\View.php(229): CodeIgniter\View\View->render('layout/template', [], true)
 4 SYSTEMPATH\Common.php(1142): CodeIgniter\View\View->render('content/viewCart', [], true)
 5 APPPATH\Controllers\ControllerShop.php(64): view('content/viewCart', [...])
 6 SYSTEMPATH\CodeIgniter.php(907): App\Controllers\ControllerShop->cart()
 7 SYSTEMPATH\CodeIgniter.php(457): CodeIgniter\CodeIgniter->runController(Object(App\Controllers\ControllerShop))
 8 SYSTEMPATH\CodeIgniter.php(340): CodeIgniter\CodeIgniter->handleRequest(null, Object(Config\Cache), false)
 9 FCPATH\index.php(67): CodeIgniter\CodeIgniter->run()
10 SYSTEMPATH\Commands\Server\rewrite.php(43): require_once('FCPATH\\index.php')
CRITICAL - 2022-10-15 08:28:24 --> count(): Argument #1 ($value) must be of type Countable|array, null given
in APPPATH\Views\layout\template.php on line 110.
 1 SYSTEMPATH\View\View.php(213): include()
 2 SYSTEMPATH\View\View.php(216): CodeIgniter\View\View->CodeIgniter\View\{closure}()
 3 SYSTEMPATH\View\View.php(229): CodeIgniter\View\View->render('layout/template', [], true)
 4 SYSTEMPATH\Common.php(1142): CodeIgniter\View\View->render('content/viewCart', [], true)
 5 APPPATH\Controllers\ControllerShop.php(64): view('content/viewCart', [...])
 6 SYSTEMPATH\CodeIgniter.php(907): App\Controllers\ControllerShop->cart()
 7 SYSTEMPATH\CodeIgniter.php(457): CodeIgniter\CodeIgniter->runController(Object(App\Controllers\ControllerShop))
 8 SYSTEMPATH\CodeIgniter.php(340): CodeIgniter\CodeIgniter->handleRequest(null, Object(Config\Cache), false)
 9 FCPATH\index.php(67): CodeIgniter\CodeIgniter->run()
10 SYSTEMPATH\Commands\Server\rewrite.php(43): require_once('FCPATH\\index.php')
CRITICAL - 2022-10-15 08:28:33 --> count(): Argument #1 ($value) must be of type Countable|array, int given
in APPPATH\Views\layout\template.php on line 110.
 1 SYSTEMPATH\View\View.php(213): include()
 2 SYSTEMPATH\View\View.php(216): CodeIgniter\View\View->CodeIgniter\View\{closure}()
 3 SYSTEMPATH\View\View.php(229): CodeIgniter\View\View->render('layout/template', [], true)
 4 SYSTEMPATH\Common.php(1142): CodeIgniter\View\View->render('content/viewCart', [], true)
 5 APPPATH\Controllers\ControllerShop.php(64): view('content/viewCart', [...])
 6 SYSTEMPATH\CodeIgniter.php(907): App\Controllers\ControllerShop->cart()
 7 SYSTEMPATH\CodeIgniter.php(457): CodeIgniter\CodeIgniter->runController(Object(App\Controllers\ControllerShop))
 8 SYSTEMPATH\CodeIgniter.php(340): CodeIgniter\CodeIgniter->handleRequest(null, Object(Config\Cache), false)
 9 FCPATH\index.php(67): CodeIgniter\CodeIgniter->run()
10 SYSTEMPATH\Commands\Server\rewrite.php(43): require_once('FCPATH\\index.php')
CRITICAL - 2022-10-15 08:29:20 --> count(): Argument #1 ($value) must be of type Countable|array, null given
in APPPATH\Views\layout\template.php on line 110.
 1 SYSTEMPATH\View\View.php(213): include()
 2 SYSTEMPATH\View\View.php(216): CodeIgniter\View\View->CodeIgniter\View\{closure}()
 3 SYSTEMPATH\View\View.php(229): CodeIgniter\View\View->render('layout/template', [], true)
 4 SYSTEMPATH\Common.php(1142): CodeIgniter\View\View->render('content/viewCart', [], true)
 5 APPPATH\Controllers\ControllerShop.php(64): view('content/viewCart', [...])
 6 SYSTEMPATH\CodeIgniter.php(907): App\Controllers\ControllerShop->cart()
 7 SYSTEMPATH\CodeIgniter.php(457): CodeIgniter\CodeIgniter->runController(Object(App\Controllers\ControllerShop))
 8 SYSTEMPATH\CodeIgniter.php(340): CodeIgniter\CodeIgniter->handleRequest(null, Object(Config\Cache), false)
 9 FCPATH\index.php(67): CodeIgniter\CodeIgniter->run()
10 SYSTEMPATH\Commands\Server\rewrite.php(43): require_once('FCPATH\\index.php')
CRITICAL - 2022-10-15 08:30:03 --> count(): Argument #1 ($value) must be of type Countable|array, null given
in APPPATH\Views\content\viewCart.php on line 8.
 1 SYSTEMPATH\View\View.php(213): include()
 2 SYSTEMPATH\View\View.php(216): CodeIgniter\View\View->CodeIgniter\View\{closure}()
 3 SYSTEMPATH\Common.php(1142): CodeIgniter\View\View->render('content/viewCart', [], true)
 4 APPPATH\Controllers\ControllerShop.php(64): view('content/viewCart', [...])
 5 SYSTEMPATH\CodeIgniter.php(907): App\Controllers\ControllerShop->cart()
 6 SYSTEMPATH\CodeIgniter.php(457): CodeIgniter\CodeIgniter->runController(Object(App\Controllers\ControllerShop))
 7 SYSTEMPATH\CodeIgniter.php(340): CodeIgniter\CodeIgniter->handleRequest(null, Object(Config\Cache), false)
 8 FCPATH\index.php(67): CodeIgniter\CodeIgniter->run()
 9 SYSTEMPATH\Commands\Server\rewrite.php(43): require_once('FCPATH\\index.php')
CRITICAL - 2022-10-15 08:38:06 --> Undefined variable $listProductCart
in APPPATH\Views\content\viewCart.php on line 15.
 1 APPPATH\Views\content\viewCart.php(15): CodeIgniter\Debug\Exceptions->errorHandler(2, 'Undefined variable $listProductCart', 'APPPATH\\Views\\content\\viewCart.php', 15)
 2 SYSTEMPATH\View\View.php(213): include('APPPATH\\Views\\content\\viewCart.php')
 3 SYSTEMPATH\View\View.php(216): CodeIgniter\View\View->CodeIgniter\View\{closure}()
 4 SYSTEMPATH\Common.php(1142): CodeIgniter\View\View->render('content/viewCart', [], true)
 5 APPPATH\Controllers\ControllerShop.php(64): view('content/viewCart', [...])
 6 SYSTEMPATH\CodeIgniter.php(907): App\Controllers\ControllerShop->cart()
 7 SYSTEMPATH\CodeIgniter.php(457): CodeIgniter\CodeIgniter->runController(Object(App\Controllers\ControllerShop))
 8 SYSTEMPATH\CodeIgniter.php(340): CodeIgniter\CodeIgniter->handleRequest(null, Object(Config\Cache), false)
 9 FCPATH\index.php(67): CodeIgniter\CodeIgniter->run()
10 SYSTEMPATH\Commands\Server\rewrite.php(43): require_once('FCPATH\\index.php')
CRITICAL - 2022-10-15 08:38:28 --> Undefined variable $productCart
in APPPATH\Views\content\viewCart.php on line 15.
 1 APPPATH\Views\content\viewCart.php(15): CodeIgniter\Debug\Exceptions->errorHandler(2, 'Undefined variable $productCart', 'APPPATH\\Views\\content\\viewCart.php', 15)
 2 SYSTEMPATH\View\View.php(213): include('APPPATH\\Views\\content\\viewCart.php')
 3 SYSTEMPATH\View\View.php(216): CodeIgniter\View\View->CodeIgniter\View\{closure}()
 4 SYSTEMPATH\Common.php(1142): CodeIgniter\View\View->render('content/viewCart', [], true)
 5 APPPATH\Controllers\ControllerShop.php(64): view('content/viewCart', [...])
 6 SYSTEMPATH\CodeIgniter.php(907): App\Controllers\ControllerShop->cart()
 7 SYSTEMPATH\CodeIgniter.php(457): CodeIgniter\CodeIgniter->runController(Object(App\Controllers\ControllerShop))
 8 SYSTEMPATH\CodeIgniter.php(340): CodeIgniter\CodeIgniter->handleRequest(null, Object(Config\Cache), false)
 9 FCPATH\index.php(67): CodeIgniter\CodeIgniter->run()
10 SYSTEMPATH\Commands\Server\rewrite.php(43): require_once('FCPATH\\index.php')
CRITICAL - 2022-10-15 08:38:35 --> Undefined variable $listProductCart
in APPPATH\Views\content\viewCart.php on line 15.
 1 APPPATH\Views\content\viewCart.php(15): CodeIgniter\Debug\Exceptions->errorHandler(2, 'Undefined variable $listProductCart', 'APPPATH\\Views\\content\\viewCart.php', 15)
 2 SYSTEMPATH\View\View.php(213): include('APPPATH\\Views\\content\\viewCart.php')
 3 SYSTEMPATH\View\View.php(216): CodeIgniter\View\View->CodeIgniter\View\{closure}()
 4 SYSTEMPATH\Common.php(1142): CodeIgniter\View\View->render('content/viewCart', [], true)
 5 APPPATH\Controllers\ControllerShop.php(64): view('content/viewCart', [...])
 6 SYSTEMPATH\CodeIgniter.php(907): App\Controllers\ControllerShop->cart()
 7 SYSTEMPATH\CodeIgniter.php(457): CodeIgniter\CodeIgniter->runController(Object(App\Controllers\ControllerShop))
 8 SYSTEMPATH\CodeIgniter.php(340): CodeIgniter\CodeIgniter->handleRequest(null, Object(Config\Cache), false)
 9 FCPATH\index.php(67): CodeIgniter\CodeIgniter->run()
10 SYSTEMPATH\Commands\Server\rewrite.php(43): require_once('FCPATH\\index.php')
CRITICAL - 2022-10-15 08:48:27 --> Undefined variable $totalCartPrice
in APPPATH\Views\content\viewCart.php on line 4.
 1 APPPATH\Views\content\viewCart.php(4): CodeIgniter\Debug\Exceptions->errorHandler(2, 'Undefined variable $totalCartPrice', 'APPPATH\\Views\\content\\viewCart.php', 4)
 2 SYSTEMPATH\View\View.php(213): include('APPPATH\\Views\\content\\viewCart.php')
 3 SYSTEMPATH\View\View.php(216): CodeIgniter\View\View->CodeIgniter\View\{closure}()
 4 SYSTEMPATH\Common.php(1142): CodeIgniter\View\View->render('content/viewCart', [], true)
 5 APPPATH\Controllers\ControllerShop.php(64): view('content/viewCart', [...])
 6 SYSTEMPATH\CodeIgniter.php(907): App\Controllers\ControllerShop->cart()
 7 SYSTEMPATH\CodeIgniter.php(457): CodeIgniter\CodeIgniter->runController(Object(App\Controllers\ControllerShop))
 8 SYSTEMPATH\CodeIgniter.php(340): CodeIgniter\CodeIgniter->handleRequest(null, Object(Config\Cache), false)
 9 FCPATH\index.php(67): CodeIgniter\CodeIgniter->run()
10 SYSTEMPATH\Commands\Server\rewrite.php(43): require_once('FCPATH\\index.php')
CRITICAL - 2022-10-15 09:28:29 --> Undefined variable $i
in APPPATH\Views\content\viewShop.php on line 77.
 1 APPPATH\Views\content\viewShop.php(77): CodeIgniter\Debug\Exceptions->errorHandler(2, 'Undefined variable $i', 'APPPATH\\Views\\content\\viewShop.php', 77)
 2 SYSTEMPATH\View\View.php(213): include('APPPATH\\Views\\content\\viewShop.php')
 3 SYSTEMPATH\View\View.php(216): CodeIgniter\View\View->CodeIgniter\View\{closure}()
 4 SYSTEMPATH\Common.php(1142): CodeIgniter\View\View->render('content/viewShop', [], true)
 5 APPPATH\Controllers\ControllerShop.php(40): view('content/viewShop', [...])
 6 SYSTEMPATH\CodeIgniter.php(907): App\Controllers\ControllerShop->shop()
 7 SYSTEMPATH\CodeIgniter.php(457): CodeIgniter\CodeIgniter->runController(Object(App\Controllers\ControllerShop))
 8 SYSTEMPATH\CodeIgniter.php(340): CodeIgniter\CodeIgniter->handleRequest(null, Object(Config\Cache), false)
 9 FCPATH\index.php(67): CodeIgniter\CodeIgniter->run()
10 SYSTEMPATH\Commands\Server\rewrite.php(43): require_once('FCPATH\\index.php')
